#
# There is insufficient memory for the Java Runtime Environment to continue.
# Native memory allocation (malloc) failed to allocate 1017936 bytes for Chunk::new
# Possible reasons:
#   The system is out of physical RAM or swap space
#   The process is running with CompressedOops enabled, and the Java Heap may be blocking the growth of the native heap
# Possible solutions:
#   Reduce memory load on the system
#   Increase physical memory or swap space
#   Check if swap backing store is full
#   Decrease Java heap size (-Xmx/-Xms)
#   Decrease number of Java threads
#   Decrease Java thread stack sizes (-Xss)
#   Set larger code cache with -XX:ReservedCodeCacheSize=
#   JVM is running with Unscaled Compressed Oops mode in which the Java heap is
#     placed in the first 4GB address space. The Java Heap base address is the
#     maximum limit for the native heap growth. Please use -XX:HeapBaseMinAddress
#     to set the Java Heap base and to place the Java Heap above 4GB virtual address.
# This output file may be truncated or incomplete.
#
#  Out of Memory Error (allocation.cpp:389), pid=13908, tid=0x0000000000002da8
#
# JRE version: OpenJDK Runtime Environment (8.0_212-b04) (build 1.8.0_212-release-1586-b04)
# Java VM: OpenJDK 64-Bit Server VM (25.212-b04 mixed mode windows-amd64 compressed oops)
# Failed to write core dump. Minidumps are not enabled by default on client versions of Windows
#

---------------  T H R E A D  ---------------

Current thread (0x0000000015f5a000):  JavaThread "C2 CompilerThread1" daemon [_thread_in_native, id=11688, stack(0x00000000176c0000,0x00000000177c0000)]

Stack: [0x00000000176c0000,0x00000000177c0000]
[error occurred during error reporting (printing stack bounds), id 0xc0000005]

Native frames: (J=compiled Java code, j=interpreted, Vv=VM code, C=native code)


Current CompileTask:
C2:  58429 5102   !   4       com.sun.beans.TypeResolver::resolve (274 bytes)


---------------  P R O C E S S  ---------------

Java Threads: ( => current thread )
  0x000000001db96800 JavaThread "Cache worker for Build Output Cleanup Cache (C:\Users\A1ex\AndroidStudioProjects\Terminal_v2\.gradle\buildOutputCleanup)" [_thread_blocked, id=1712, stack(0x00000000213d0000,0x00000000214d0000)]
  0x000000001db98000 JavaThread "pool-1-thread-1" [_thread_blocked, id=10040, stack(0x00000000210d0000,0x00000000211d0000)]
  0x000000001db97800 JavaThread "Build operations Thread 4" [_thread_blocked, id=14624, stack(0x0000000020bd0000,0x0000000020cd0000)]
  0x000000001db93800 JavaThread "Build operations Thread 3" [_thread_blocked, id=11884, stack(0x0000000020ad0000,0x0000000020bd0000)]
  0x000000001db95800 JavaThread "Build operations Thread 2" [_thread_blocked, id=14916, stack(0x00000000209d0000,0x0000000020ad0000)]
  0x000000001db92800 JavaThread "Build operations" [_thread_blocked, id=2916, stack(0x00000000208d0000,0x00000000209d0000)]
  0x000000001db95000 JavaThread "Cache worker for execution history cache (C:\Users\A1ex\.gradle\caches\5.6.4\executionHistory)" [_thread_blocked, id=11256, stack(0x000000001fba0000,0x000000001fca0000)]
  0x000000001922e800 JavaThread "Cache worker for cache directory md-rule (C:\Users\A1ex\.gradle\caches\5.6.4\md-rule)" [_thread_blocked, id=9116, stack(0x000000001faa0000,0x000000001fba0000)]
  0x000000001922d800 JavaThread "Cache worker for cache directory md-supplier (C:\Users\A1ex\.gradle\caches\5.6.4\md-supplier)" [_thread_blocked, id=11188, stack(0x000000001f9a0000,0x000000001faa0000)]
  0x000000001922c000 JavaThread "Cache worker for file hash cache (C:\Users\A1ex\AndroidStudioProjects\Terminal_v2\.gradle\5.6.4\fileHashes)" [_thread_blocked, id=1416, stack(0x000000001e090000,0x000000001e190000)]
  0x0000000019228800 JavaThread "Cache worker for journal cache (C:\Users\A1ex\.gradle\caches\journal-1)" [_thread_blocked, id=5848, stack(0x000000001ad20000,0x000000001ae20000)]
  0x000000001922f000 JavaThread "File lock request listener" [_thread_in_native, id=9192, stack(0x000000001ac20000,0x000000001ad20000)]
  0x000000001922a000 JavaThread "Cache worker for file hash cache (C:\Users\A1ex\.gradle\caches\5.6.4\fileHashes)" [_thread_blocked, id=2744, stack(0x000000001ab20000,0x000000001ac20000)]
  0x0000000019119000 JavaThread "Thread-9" [_thread_blocked, id=14372, stack(0x000000001a820000,0x000000001a920000)]
  0x000000001914f000 JavaThread "Stdin handler" [_thread_blocked, id=11572, stack(0x000000001a720000,0x000000001a820000)]
  0x000000001914c800 JavaThread "Asynchronous log dispatcher for DefaultDaemonConnection: socket connection from /127.0.0.1:55548 to /127.0.0.1:55549" [_thread_blocked, id=17928, stack(0x000000001a620000,0x000000001a720000)]
  0x0000000019148000 JavaThread "Daemon worker" [_thread_in_Java, id=18028, stack(0x000000001a520000,0x000000001a620000)]
  0x0000000019147800 JavaThread "Cancel handler" [_thread_blocked, id=6624, stack(0x000000001a420000,0x000000001a520000)]
  0x0000000018a7e800 JavaThread "Handler for socket connection from /127.0.0.1:55548 to /127.0.0.1:55549" [_thread_in_native, id=20676, stack(0x000000001a120000,0x000000001a220000)]
  0x0000000018a7e000 JavaThread "Daemon" [_thread_blocked, id=2308, stack(0x000000001a020000,0x000000001a120000)]
  0x0000000018a74000 JavaThread "Daemon periodic checks" [_thread_blocked, id=16704, stack(0x0000000019f20000,0x000000001a020000)]
  0x000000001900b000 JavaThread "Incoming local TCP Connector on port 55548" [_thread_in_native, id=17364, stack(0x0000000019cd0000,0x0000000019dd0000)]
  0x0000000018fd0800 JavaThread "Daemon health stats" [_thread_blocked, id=19768, stack(0x0000000019690000,0x0000000019790000)]
  0x0000000015fad000 JavaThread "Service Thread" daemon [_thread_blocked, id=12512, stack(0x0000000017cc0000,0x0000000017dc0000)]
  0x00000000177d0800 JavaThread "C1 CompilerThread2" daemon [_thread_blocked, id=6636, stack(0x0000000017bc0000,0x0000000017cc0000)]
=>0x0000000015f5a000 JavaThread "C2 CompilerThread1" daemon [_thread_in_native, id=11688, stack(0x00000000176c0000,0x00000000177c0000)]
  0x0000000015f55800 JavaThread "C2 CompilerThread0" daemon [_thread_in_native, id=11940, stack(0x00000000175c0000,0x00000000176c0000)]
  0x0000000015f54000 JavaThread "Attach Listener" daemon [_thread_blocked, id=10480, stack(0x00000000174c0000,0x00000000175c0000)]
  0x0000000015f53000 JavaThread "Signal Dispatcher" daemon [_thread_blocked, id=20840, stack(0x00000000173c0000,0x00000000174c0000)]
  0x000000000251b000 JavaThread "Finalizer" daemon [_thread_blocked, id=14272, stack(0x00000000171b0000,0x00000000172b0000)]
  0x0000000015f39000 JavaThread "Reference Handler" daemon [_thread_blocked, id=13340, stack(0x00000000170b0000,0x00000000171b0000)]
  0x00000000025de000 JavaThread "main" [_thread_blocked, id=14156, stack(0x00000000022d0000,0x00000000023d0000)]

Other Threads:
  0x0000000015f16800 VMThread [stack: 0x0000000016fb0000,0x00000000170b0000] [id=20424]
  0x00000000177d1000 WatcherThread [stack: 0x0000000017dc0000,0x0000000017ec0000] [id=11124]

VM state:not at safepoint (normal execution)

VM Mutex/Monitor currently owned by a thread: None

heap address: 0x00000000a0000000, size: 1536 MB, Compressed Oops mode: 32-bit
Narrow klass base: 0x0000000000000000, Narrow klass shift: 3
Compressed class space size: 1073741824 Address: 0x0000000100000000

Heap:
 PSYoungGen      total 134656K, used 27970K [0x00000000e0000000, 0x00000000e9300000, 0x0000000100000000)
  eden space 122880K, 13% used [0x00000000e0000000,0x00000000e0fd5820,0x00000000e7800000)
  from space 11776K, 99% used [0x00000000e7800000,0x00000000e837b310,0x00000000e8380000)
  to   space 12288K, 0% used [0x00000000e8380000,0x00000000e8380000,0x00000000e8f80000)
 ParOldGen       total 87552K, used 23058K [0x00000000a0000000, 0x00000000a5580000, 0x00000000e0000000)
  object space 87552K, 26% used [0x00000000a0000000,0x00000000a1684b28,0x00000000a5580000)
 Metaspace       used 52191K, capacity 53606K, committed 53888K, reserved 1095680K
  class space    used 6861K, capacity 7229K, committed 7296K, reserved 1048576K

Card table byte_map: [0x00000000119a0000,0x0000000011cb0000] byte_map_base: 0x00000000114a0000

Marking Bits: (ParMarkBitMap*) 0x000000006f479f30
 Begin Bits: [0x00000000122b0000, 0x0000000013ab0000)
 End Bits:   [0x0000000013ab0000, 0x00000000152b0000)

Polling page: 0x00000000023d0000

CodeCache: size=245760Kb used=17047Kb max_used=17047Kb free=228712Kb
 bounds [0x00000000025e0000, 0x00000000036a0000, 0x00000000115e0000]
 total_blobs=5556 nmethods=4761 adapters=706
 compilation: enabled

Compilation events (10 events):
Event: 58.060 Thread 0x0000000015f55800 nmethod 5117 0x000000000355d350 code [0x000000000355d480, 0x000000000355d4d8]
Event: 58.061 Thread 0x0000000015f55800 5118       4       java.util.HashMap$KeyIterator::next (8 bytes)
Event: 58.069 Thread 0x0000000015f55800 nmethod 5118 0x000000000367f250 code [0x000000000367f3a0, 0x000000000367f598]
Event: 58.073 Thread 0x00000000177d0800 5119 %     3       groovy.lang.MetaClassImpl::inheritInterfaceNewMetaMethods @ 104 (199 bytes)
Event: 58.076 Thread 0x00000000177d0800 nmethod 5119% 0x000000000368ebd0 code [0x000000000368eee0, 0x00000000036908c8]
Event: 58.076 Thread 0x00000000177d0800 5120       3       groovy.lang.MetaClassImpl::inheritInterfaceNewMetaMethods (199 bytes)
Event: 58.078 Thread 0x00000000177d0800 nmethod 5120 0x0000000003691690 code [0x0000000003691980, 0x0000000003693048]
Event: 58.111 Thread 0x00000000177d0800 5121       3       sun.reflect.generics.reflectiveObjects.TypeVariableImpl::equals (67 bytes)
Event: 58.111 Thread 0x00000000177d0800 nmethod 5121 0x000000000368b7d0 code [0x000000000368b9c0, 0x000000000368c3f8]
Event: 58.144 Thread 0x0000000015f55800 5122       4       com.sun.beans.TypeResolver::resolve (37 bytes)

GC Heap History (10 events):
Event: 44.465 GC heap before
{Heap before GC invocations=9 (full 1):
 PSYoungGen      total 77312K, used 73753K [0x00000000e0000000, 0x00000000e7400000, 0x0000000100000000)
  eden space 66048K, 100% used [0x00000000e0000000,0x00000000e4080000,0x00000000e4080000)
  from space 11264K, 68% used [0x00000000e4080000,0x00000000e4806590,0x00000000e4b80000)
  to   space 11264K, 0% used [0x00000000e6900000,0x00000000e6900000,0x00000000e7400000)
 ParOldGen       total 64000K, used 9690K [0x00000000a0000000, 0x00000000a3e80000, 0x00000000e0000000)
  object space 64000K, 15% used [0x00000000a0000000,0x00000000a0976928,0x00000000a3e80000)
 Metaspace       used 33632K, capacity 34258K, committed 34432K, reserved 1079296K
  class space    used 4502K, capacity 4699K, committed 4736K, reserved 1048576K
Event: 44.487 GC heap after
Heap after GC invocations=9 (full 1):
 PSYoungGen      total 102912K, used 10488K [0x00000000e0000000, 0x00000000e7380000, 0x0000000100000000)
  eden space 92160K, 0% used [0x00000000e0000000,0x00000000e0000000,0x00000000e5a00000)
  from space 10752K, 97% used [0x00000000e6900000,0x00000000e733e340,0x00000000e7380000)
  to   space 12288K, 0% used [0x00000000e5b80000,0x00000000e5b80000,0x00000000e6780000)
 ParOldGen       total 64000K, used 9698K [0x00000000a0000000, 0x00000000a3e80000, 0x00000000e0000000)
  object space 64000K, 15% used [0x00000000a0000000,0x00000000a0978928,0x00000000a3e80000)
 Metaspace       used 33632K, capacity 34258K, committed 34432K, reserved 1079296K
  class space    used 4502K, capacity 4699K, committed 4736K, reserved 1048576K
}
Event: 45.641 GC heap before
{Heap before GC invocations=10 (full 1):
 PSYoungGen      total 102912K, used 24689K [0x00000000e0000000, 0x00000000e7380000, 0x0000000100000000)
  eden space 92160K, 15% used [0x00000000e0000000,0x00000000e0dde2c8,0x00000000e5a00000)
  from space 10752K, 97% used [0x00000000e6900000,0x00000000e733e340,0x00000000e7380000)
  to   space 12288K, 0% used [0x00000000e5b80000,0x00000000e5b80000,0x00000000e6780000)
 ParOldGen       total 64000K, used 9698K [0x00000000a0000000, 0x00000000a3e80000, 0x00000000e0000000)
  object space 64000K, 15% used [0x00000000a0000000,0x00000000a0978928,0x00000000a3e80000)
 Metaspace       used 34587K, capacity 35394K, committed 35496K, reserved 1079296K
  class space    used 4584K, capacity 4818K, committed 4864K, reserved 1048576K
Event: 45.683 GC heap after
Heap after GC invocations=10 (full 1):
 PSYoungGen      total 105984K, used 7647K [0x00000000e0000000, 0x00000000e8f80000, 0x0000000100000000)
  eden space 93696K, 0% used [0x00000000e0000000,0x00000000e0000000,0x00000000e5b80000)
  from space 12288K, 62% used [0x00000000e5b80000,0x00000000e62f7fa8,0x00000000e6780000)
  to   space 12288K, 0% used [0x00000000e8380000,0x00000000e8380000,0x00000000e8f80000)
 ParOldGen       total 64000K, used 9698K [0x00000000a0000000, 0x00000000a3e80000, 0x00000000e0000000)
  object space 64000K, 15% used [0x00000000a0000000,0x00000000a0978928,0x00000000a3e80000)
 Metaspace       used 34587K, capacity 35394K, committed 35496K, reserved 1079296K
  class space    used 4584K, capacity 4818K, committed 4864K, reserved 1048576K
}
Event: 45.684 GC heap before
{Heap before GC invocations=11 (full 2):
 PSYoungGen      total 105984K, used 7647K [0x00000000e0000000, 0x00000000e8f80000, 0x0000000100000000)
  eden space 93696K, 0% used [0x00000000e0000000,0x00000000e0000000,0x00000000e5b80000)
  from space 12288K, 62% used [0x00000000e5b80000,0x00000000e62f7fa8,0x00000000e6780000)
  to   space 12288K, 0% used [0x00000000e8380000,0x00000000e8380000,0x00000000e8f80000)
 ParOldGen       total 64000K, used 9698K [0x00000000a0000000, 0x00000000a3e80000, 0x00000000e0000000)
  object space 64000K, 15% used [0x00000000a0000000,0x00000000a0978928,0x00000000a3e80000)
 Metaspace       used 34587K, capacity 35394K, committed 35496K, reserved 1079296K
  class space    used 4584K, capacity 4818K, committed 4864K, reserved 1048576K
Event: 45.829 GC heap after
Heap after GC invocations=11 (full 2):
 PSYoungGen      total 105984K, used 0K [0x00000000e0000000, 0x00000000e8f80000, 0x0000000100000000)
  eden space 93696K, 0% used [0x00000000e0000000,0x00000000e0000000,0x00000000e5b80000)
  from space 12288K, 0% used [0x00000000e5b80000,0x00000000e5b80000,0x00000000e6780000)
  to   space 12288K, 0% used [0x00000000e8380000,0x00000000e8380000,0x00000000e8f80000)
 ParOldGen       total 87552K, used 14991K [0x00000000a0000000, 0x00000000a5580000, 0x00000000e0000000)
  object space 87552K, 17% used [0x00000000a0000000,0x00000000a0ea3cc8,0x00000000a5580000)
 Metaspace       used 34541K, capacity 35290K, committed 35496K, reserved 1079296K
  class space    used 4573K, capacity 4806K, committed 4864K, reserved 1048576K
}
Event: 51.063 GC heap before
{Heap before GC invocations=12 (full 2):
 PSYoungGen      total 105984K, used 93696K [0x00000000e0000000, 0x00000000e8f80000, 0x0000000100000000)
  eden space 93696K, 100% used [0x00000000e0000000,0x00000000e5b80000,0x00000000e5b80000)
  from space 12288K, 0% used [0x00000000e5b80000,0x00000000e5b80000,0x00000000e6780000)
  to   space 12288K, 0% used [0x00000000e8380000,0x00000000e8380000,0x00000000e8f80000)
 ParOldGen       total 87552K, used 14991K [0x00000000a0000000, 0x00000000a5580000, 0x00000000e0000000)
  object space 87552K, 17% used [0x00000000a0000000,0x00000000a0ea3cc8,0x00000000a5580000)
 Metaspace       used 39110K, capacity 40120K, committed 40320K, reserved 1083392K
  class space    used 5243K, capacity 5501K, committed 5504K, reserved 1048576K
Event: 51.097 GC heap after
Heap after GC invocations=12 (full 2):
 PSYoungGen      total 135168K, used 8251K [0x00000000e0000000, 0x00000000e9300000, 0x0000000100000000)
  eden space 122880K, 0% used [0x00000000e0000000,0x00000000e0000000,0x00000000e7800000)
  from space 12288K, 67% used [0x00000000e8380000,0x00000000e8b8ec80,0x00000000e8f80000)
  to   space 11776K, 0% used [0x00000000e7800000,0x00000000e7800000,0x00000000e8380000)
 ParOldGen       total 87552K, used 14991K [0x00000000a0000000, 0x00000000a5580000, 0x00000000e0000000)
  object space 87552K, 17% used [0x00000000a0000000,0x00000000a0ea3cc8,0x00000000a5580000)
 Metaspace       used 39110K, capacity 40120K, committed 40320K, reserved 1083392K
  class space    used 5243K, capacity 5501K, committed 5504K, reserved 1048576K
}
Event: 57.562 GC heap before
{Heap before GC invocations=13 (full 2):
 PSYoungGen      total 135168K, used 131131K [0x00000000e0000000, 0x00000000e9300000, 0x0000000100000000)
  eden space 122880K, 100% used [0x00000000e0000000,0x00000000e7800000,0x00000000e7800000)
  from space 12288K, 67% used [0x00000000e8380000,0x00000000e8b8ec80,0x00000000e8f80000)
  to   space 11776K, 0% used [0x00000000e7800000,0x00000000e7800000,0x00000000e8380000)
 ParOldGen       total 87552K, used 14991K [0x00000000a0000000, 0x00000000a5580000, 0x00000000e0000000)
  object space 87552K, 17% used [0x00000000a0000000,0x00000000a0ea3cc8,0x00000000a5580000)
 Metaspace       used 51780K, capacity 53144K, committed 53504K, reserved 1095680K
  class space    used 6784K, capacity 7123K, committed 7168K, reserved 1048576K
Event: 57.606 GC heap after
Heap after GC invocations=13 (full 2):
 PSYoungGen      total 134656K, used 11756K [0x00000000e0000000, 0x00000000e9300000, 0x0000000100000000)
  eden space 122880K, 0% used [0x00000000e0000000,0x00000000e0000000,0x00000000e7800000)
  from space 11776K, 99% used [0x00000000e7800000,0x00000000e837b310,0x00000000e8380000)
  to   space 12288K, 0% used [0x00000000e8380000,0x00000000e8380000,0x00000000e8f80000)
 ParOldGen       total 87552K, used 23058K [0x00000000a0000000, 0x00000000a5580000, 0x00000000e0000000)
  object space 87552K, 26% used [0x00000000a0000000,0x00000000a1684b28,0x00000000a5580000)
 Metaspace       used 51780K, capacity 53144K, committed 53504K, reserved 1095680K
  class space    used 6784K, capacity 7123K, committed 7168K, reserved 1048576K
}

Deoptimization events (10 events):
Event: 55.922 Thread 0x0000000019148000 Uncommon trap: reason=unstable_if action=reinterpret pc=0x0000000002e6b3e4 method=org.objectweb.asm.ByteVector.putUTF8(Ljava/lang/String;)Lorg/objectweb/asm/ByteVector; @ 93
Event: 56.539 Thread 0x0000000019148000 Uncommon trap: reason=unstable_if action=reinterpret pc=0x00000000033e3dd4 method=groovy.lang.MetaClassImpl.filterPropertyMethod(Ljava/lang/Object;ZZ)Ljava/lang/Object; @ 192
Event: 57.106 Thread 0x0000000019148000 Uncommon trap: reason=unstable_if action=reinterpret pc=0x000000000344ba30 method=org.gradle.internal.reflect.PropertyAccessorType.of(Ljava/lang/reflect/Method;)Lorg/gradle/internal/reflect/PropertyAccessorType; @ 56
Event: 57.475 Thread 0x0000000019148000 Uncommon trap: reason=unstable_if action=reinterpret pc=0x0000000003616384 method=com.sun.org.apache.xerces.internal.util.SymbolTable.addSymbol([CII)Ljava/lang/String; @ 38
Event: 57.676 Thread 0x0000000019148000 Uncommon trap: reason=speculate_class_check action=maybe_recompile pc=0x00000000032f8f28 method=com.google.common.collect.AbstractIndexedListIterator.next()Ljava/lang/Object; @ 27
Event: 57.676 Thread 0x0000000019148000 Uncommon trap: reason=speculate_class_check action=maybe_recompile pc=0x00000000032f8f28 method=com.google.common.collect.AbstractIndexedListIterator.next()Ljava/lang/Object; @ 27
Event: 57.676 Thread 0x0000000019148000 Uncommon trap: reason=speculate_class_check action=maybe_recompile pc=0x00000000032f8f28 method=com.google.common.collect.AbstractIndexedListIterator.next()Ljava/lang/Object; @ 27
Event: 57.676 Thread 0x0000000019148000 Uncommon trap: reason=speculate_class_check action=maybe_recompile pc=0x00000000032f8f28 method=com.google.common.collect.AbstractIndexedListIterator.next()Ljava/lang/Object; @ 27
Event: 57.728 Thread 0x0000000019148000 Uncommon trap: reason=unstable_if action=reinterpret pc=0x0000000003461db0 method=org.gradle.internal.instantiation.AbstractClassGenerator$InjectionAnnotationValidator.validateMethod(Ljava/lang/reflect/Method;Lorg/gradle/internal/reflect/PropertyAccessorT
Event: 57.728 Thread 0x0000000019148000 Uncommon trap: reason=unstable_if action=reinterpret pc=0x00000000034c37b8 method=org.gradle.internal.instantiation.AbstractClassGenerator$InjectionAnnotationValidator.validateMethod(Ljava/lang/reflect/Method;Lorg/gradle/internal/reflect/PropertyAccessorT

Classes redefined (0 events):
No events

Internal exceptions (10 events):
Event: 58.040 Thread 0x0000000019148000 Exception <a 'java/lang/ClassNotFoundException': org/gradle/api/internal/NamedDomainObjectContainerConfigureDelegateBeanInfo> (0x00000000e09b9f88) thrown at [D:\src\AOSP-openjdk-cygwin\jdk8u\hotspot\src\share\vm\classfile\systemDictionary.cpp, line 210]
Event: 58.042 Thread 0x0000000019148000 Exception <a 'java/lang/ClassNotFoundException': org/gradle/api/internal/NamedDomainObjectContainerConfigureDelegateCustomizer> (0x00000000e0a01c60) thrown at [D:\src\AOSP-openjdk-cygwin\jdk8u\hotspot\src\share\vm\classfile\systemDictionary.cpp, line 210]
Event: 58.087 Thread 0x0000000019148000 Exception <a 'java/lang/ClassNotFoundException': org/gradle/api/internal/FactoryNamedDomainObjectContainer_DecoratedBeanInfo> (0x00000000e0c6af40) thrown at [D:\src\AOSP-openjdk-cygwin\jdk8u\hotspot\src\share\vm\classfile\systemDictionary.cpp, line 210]
Event: 58.092 Thread 0x0000000019148000 Exception <a 'java/lang/ClassNotFoundException': org/gradle/api/internal/FactoryNamedDomainObjectContainerBeanInfo> (0x00000000e0cab7a8) thrown at [D:\src\AOSP-openjdk-cygwin\jdk8u\hotspot\src\share\vm\classfile\systemDictionary.cpp, line 210]
Event: 58.094 Thread 0x0000000019148000 Exception <a 'java/lang/ClassNotFoundException': org/gradle/api/internal/AbstractNamedDomainObjectContainerBeanInfo> (0x00000000e0cec008) thrown at [D:\src\AOSP-openjdk-cygwin\jdk8u\hotspot\src\share\vm\classfile\systemDictionary.cpp, line 210]
Event: 58.098 Thread 0x0000000019148000 Exception <a 'java/lang/ClassNotFoundException': org/gradle/api/internal/DefaultNamedDomainObjectSetBeanInfo> (0x00000000e0d29d88) thrown at [D:\src\AOSP-openjdk-cygwin\jdk8u\hotspot\src\share\vm\classfile\systemDictionary.cpp, line 210]
Event: 58.102 Thread 0x0000000019148000 Exception <a 'java/lang/ClassNotFoundException': org/gradle/api/internal/DefaultNamedDomainObjectSetCustomizer> (0x00000000e0d68930) thrown at [D:\src\AOSP-openjdk-cygwin\jdk8u\hotspot\src\share\vm\classfile\systemDictionary.cpp, line 210]
Event: 58.106 Thread 0x0000000019148000 Exception <a 'java/lang/ClassNotFoundException': org/gradle/api/internal/AbstractNamedDomainObjectContainerCustomizer> (0x00000000e0dc6290) thrown at [D:\src\AOSP-openjdk-cygwin\jdk8u\hotspot\src\share\vm\classfile\systemDictionary.cpp, line 210]
Event: 58.110 Thread 0x0000000019148000 Exception <a 'java/lang/ClassNotFoundException': org/gradle/api/internal/FactoryNamedDomainObjectContainerCustomizer> (0x00000000e0e21f38) thrown at [D:\src\AOSP-openjdk-cygwin\jdk8u\hotspot\src\share\vm\classfile\systemDictionary.cpp, line 210]
Event: 58.142 Thread 0x0000000019148000 Exception <a 'java/lang/ClassNotFoundException': org/gradle/api/internal/FactoryNamedDomainObjectContainer_DecoratedCustomizer> (0x00000000e0e762b0) thrown at [D:\src\AOSP-openjdk-cygwin\jdk8u\hotspot\src\share\vm\classfile\systemDictionary.cpp, line 210]

Events (10 events):
Event: 58.110 loading class org/gradle/api/internal/FactoryNamedDomainObjectContainerCustomizer
Event: 58.110 loading class org/gradle/api/internal/FactoryNamedDomainObjectContainerCustomizer done
Event: 58.112 loading class org/gradle/api/internal/FactoryNamedDomainObjectContainer_DecoratedCustomizer
Event: 58.112 loading class org/gradle/api/internal/FactoryNamedDomainObjectContainer_DecoratedCustomizer done
Event: 58.126 loading class org/gradle/api/internal/FactoryNamedDomainObjectContainer_DecoratedCustomizer
Event: 58.126 loading class org/gradle/api/internal/FactoryNamedDomainObjectContainer_DecoratedCustomizer done
Event: 58.128 loading class org/gradle/api/internal/FactoryNamedDomainObjectContainer_DecoratedCustomizer
Event: 58.128 loading class org/gradle/api/internal/FactoryNamedDomainObjectContainer_DecoratedCustomizer done
Event: 58.142 loading class org/gradle/api/internal/FactoryNamedDomainObjectContainer_DecoratedCustomizer
Event: 58.142 loading class org/gradle/api/internal/FactoryNamedDomainObjectContainer_DecoratedCustomizer done


Dynamic libraries:
0x00007ff7c4140000 - 0x00007ff7c4171000 	C:\Program Files\Android\Android Studio\jre\bin\java.exe
0x00007ffc251e0000 - 0x00007ffc253d0000 	C:\WINDOWS\SYSTEM32\ntdll.dll
0x00007ffc1cb30000 - 0x00007ffc1cb43000 	C:\Program Files\AVAST Software\Avast\aswhook.dll
0x00007ffc24870000 - 0x00007ffc24922000 	C:\WINDOWS\System32\KERNEL32.DLL
0x00007ffc22fb0000 - 0x00007ffc23254000 	C:\WINDOWS\System32\KERNELBASE.dll
0x00007ffc24f50000 - 0x00007ffc24ff3000 	C:\WINDOWS\System32\ADVAPI32.dll
0x00007ffc24a00000 - 0x00007ffc24a9e000 	C:\WINDOWS\System32\msvcrt.dll
0x00007ffc23330000 - 0x00007ffc233c7000 	C:\WINDOWS\System32\sechost.dll
0x00007ffc25000000 - 0x00007ffc25120000 	C:\WINDOWS\System32\RPCRT4.dll
0x00007ffc24aa0000 - 0x00007ffc24c34000 	C:\WINDOWS\System32\USER32.dll
0x00007ffc22f60000 - 0x00007ffc22f81000 	C:\WINDOWS\System32\win32u.dll
0x00007ffc24840000 - 0x00007ffc24866000 	C:\WINDOWS\System32\GDI32.dll
0x00007ffc22420000 - 0x00007ffc225b5000 	C:\WINDOWS\System32\gdi32full.dll
0x00007ffc225c0000 - 0x00007ffc2265e000 	C:\WINDOWS\System32\msvcp_win.dll
0x00007ffc22320000 - 0x00007ffc2241a000 	C:\WINDOWS\System32\ucrtbase.dll
0x00007ffc0e570000 - 0x00007ffc0e7f4000 	C:\WINDOWS\WinSxS\amd64_microsoft.windows.common-controls_6595b64144ccf1df_6.0.18362.900_none_e6beb9d913147d17\COMCTL32.dll
0x00007ffc233d0000 - 0x00007ffc23705000 	C:\WINDOWS\System32\combase.dll
0x00007ffc22710000 - 0x00007ffc22790000 	C:\WINDOWS\System32\bcryptPrimitives.dll
0x00007ffc23fa0000 - 0x00007ffc23fce000 	C:\WINDOWS\System32\IMM32.DLL
0x000000006eaf0000 - 0x000000006ebc2000 	C:\Program Files\Android\Android Studio\jre\jre\bin\msvcr100.dll
0x000000006ecb0000 - 0x000000006f4f6000 	C:\Program Files\Android\Android Studio\jre\jre\bin\server\jvm.dll
0x00007ffc245c0000 - 0x00007ffc245c8000 	C:\WINDOWS\System32\PSAPI.DLL
0x00007ffc185e0000 - 0x00007ffc185e9000 	C:\WINDOWS\SYSTEM32\WSOCK32.dll
0x00007ffc25120000 - 0x00007ffc2518f000 	C:\WINDOWS\System32\WS2_32.dll
0x00007ffc155e0000 - 0x00007ffc15604000 	C:\WINDOWS\SYSTEM32\WINMM.dll
0x00007ffc1bc10000 - 0x00007ffc1bc1a000 	C:\WINDOWS\SYSTEM32\VERSION.dll
0x00007ffc155b0000 - 0x00007ffc155dd000 	C:\WINDOWS\SYSTEM32\WINMMBASE.dll
0x00007ffc22f10000 - 0x00007ffc22f5a000 	C:\WINDOWS\System32\cfgmgr32.dll
0x00007ffc1cd80000 - 0x00007ffc1cd8f000 	C:\Program Files\Android\Android Studio\jre\jre\bin\verify.dll
0x00007ffc1cb90000 - 0x00007ffc1cbb9000 	C:\Program Files\Android\Android Studio\jre\jre\bin\java.dll
0x00007ffc15540000 - 0x00007ffc15556000 	C:\Program Files\Android\Android Studio\jre\jre\bin\zip.dll
0x00007ffc23710000 - 0x00007ffc23df6000 	C:\WINDOWS\System32\SHELL32.dll
0x00007ffc244b0000 - 0x00007ffc24559000 	C:\WINDOWS\System32\shcore.dll
0x00007ffc22790000 - 0x00007ffc22f10000 	C:\WINDOWS\System32\windows.storage.dll
0x00007ffc220b0000 - 0x00007ffc220d3000 	C:\WINDOWS\System32\profapi.dll
0x00007ffc22120000 - 0x00007ffc2216a000 	C:\WINDOWS\System32\powrprof.dll
0x00007ffc220a0000 - 0x00007ffc220b0000 	C:\WINDOWS\System32\UMPDC.dll
0x00007ffc24730000 - 0x00007ffc24782000 	C:\WINDOWS\System32\shlwapi.dll
0x00007ffc220e0000 - 0x00007ffc220f1000 	C:\WINDOWS\System32\kernel.appcore.dll
0x00007ffc22f90000 - 0x00007ffc22fa7000 	C:\WINDOWS\System32\cryptsp.dll
0x00007ffc15520000 - 0x00007ffc1553a000 	C:\Program Files\Android\Android Studio\jre\jre\bin\net.dll
0x00007ffc16e20000 - 0x00007ffc16ff6000 	C:\WINDOWS\SYSTEM32\urlmon.dll
0x00007ffc12290000 - 0x00007ffc12536000 	C:\WINDOWS\SYSTEM32\iertutil.dll
0x00007ffc21a80000 - 0x00007ffc21a8c000 	C:\WINDOWS\SYSTEM32\CRYPTBASE.DLL
0x00007ffc218b0000 - 0x00007ffc21917000 	C:\WINDOWS\system32\mswsock.dll
0x00007ffc15380000 - 0x00007ffc15393000 	C:\Program Files\Android\Android Studio\jre\jre\bin\nio.dll
0x00007ffc154b0000 - 0x00007ffc154d6000 	C:\Users\A1ex\.gradle\native\30\windows-amd64\native-platform.dll
0x00007ffc1eab0000 - 0x00007ffc1eabd000 	C:\Program Files\Android\Android Studio\jre\jre\bin\management.dll
0x00007ffc21420000 - 0x00007ffc21453000 	C:\WINDOWS\system32\rsaenh.dll
0x00007ffc23260000 - 0x00007ffc23286000 	C:\WINDOWS\System32\bcrypt.dll
0x00007ffc21f90000 - 0x00007ffc21fb5000 	C:\WINDOWS\SYSTEM32\USERENV.dll
0x00007ffc215c0000 - 0x00007ffc215fa000 	C:\WINDOWS\SYSTEM32\IPHLPAPI.DLL
0x00007ffc25190000 - 0x00007ffc25198000 	C:\WINDOWS\System32\NSI.dll
0x00007ffc1afc0000 - 0x00007ffc1afd6000 	C:\WINDOWS\SYSTEM32\dhcpcsvc6.DLL
0x00007ffc1afa0000 - 0x00007ffc1afbc000 	C:\WINDOWS\SYSTEM32\dhcpcsvc.DLL
0x00007ffc21600000 - 0x00007ffc216cb000 	C:\WINDOWS\SYSTEM32\DNSAPI.dll

VM Arguments:
jvm_args: -Xmx1536m -Dfile.encoding=windows-1251 -Duser.country=RU -Duser.language=ru -Duser.variant 
java_command: org.gradle.launcher.daemon.bootstrap.GradleDaemon 5.6.4
java_class_path (initial): C:\Users\A1ex\.gradle\wrapper\dists\gradle-5.6.4-all\ankdp27end7byghfw1q2sw75f\gradle-5.6.4\lib\gradle-launcher-5.6.4.jar
Launcher Type: SUN_STANDARD

Environment Variables:
JAVA_HOME=c:\Program Files\Java\jdk1.8.0_131\
PATH=C:\ProgramData\Oracle\Java\javapath;C:\Program Files (x86)\NVIDIA Corporation\PhysX\Common;C:\WINDOWS\system32;C:\WINDOWS;C:\WINDOWS\System32\Wbem;C:\WINDOWS\System32\WindowsPowerShell\v1.0\;C:\Program Files (x86)\Common Files\Adobe\AGL;C:\WINDOWS\System32\OpenSSH\;C:\Program Files\Intel\WiFi\bin\;C:\Program Files\Common Files\Intel\WirelessCommon\;I:\Git\cmd;C:\Users\A1ex\AppData\Local\Microsoft\WindowsApps;C:\Program Files\Intel\WiFi\bin\;C:\Program Files\Common Files\Intel\WirelessCommon\;e:\Android\Android\Sdk\\tools;e:\Android\Android\Sdk\\platform-tools;
USERNAME=A1ex
OS=Windows_NT
PROCESSOR_IDENTIFIER=Intel64 Family 6 Model 58 Stepping 9, GenuineIntel



---------------  S Y S T E M  ---------------

OS: Windows 10.0 , 64 bit Build 18362 (10.0.18362.900)

CPU:total 4 (initial active 4) (2 cores per cpu, 2 threads per core) family 6 model 58 stepping 9, cmov, cx8, fxsr, mmx, sse, sse2, sse3, ssse3, sse4.1, sse4.2, popcnt, avx, clmul, erms, ht, tsc, tscinvbit, tscinv

Memory: 4k page, physical 8278376k(424832k free), swap 10375528k(6088k free)

vm_info: OpenJDK 64-Bit Server VM (25.212-b04) for windows-amd64 JRE (1.8.0_212-release-1586-b04), built by "builder" with MS VC++ 10.0 (VS2010)

time: Thu Jun 18 16:50:58 2020
timezone: Финляндия (лето)
elapsed time: 58 seconds (0d 0h 0m 58s)

