#
# There is insufficient memory for the Java Runtime Environment to continue.
# Native memory allocation (malloc) failed to allocate 1489280 bytes for Chunk::new
# Possible reasons:
#   The system is out of physical RAM or swap space
#   The process is running with CompressedOops enabled, and the Java Heap may be blocking the growth of the native heap
# Possible solutions:
#   Reduce memory load on the system
#   Increase physical memory or swap space
#   Check if swap backing store is full
#   Decrease Java heap size (-Xmx/-Xms)
#   Decrease number of Java threads
#   Decrease Java thread stack sizes (-Xss)
#   Set larger code cache with -XX:ReservedCodeCacheSize=
#   JVM is running with Unscaled Compressed Oops mode in which the Java heap is
#     placed in the first 4GB address space. The Java Heap base address is the
#     maximum limit for the native heap growth. Please use -XX:HeapBaseMinAddress
#     to set the Java Heap base and to place the Java Heap above 4GB virtual address.
# This output file may be truncated or incomplete.
#
#  Out of Memory Error (allocation.cpp:389), pid=7660, tid=0x000000000000475c
#
# JRE version: OpenJDK Runtime Environment (8.0_242-b01) (build 1.8.0_242-release-1644-b01)
# Java VM: OpenJDK 64-Bit Server VM (25.242-b01 mixed mode windows-amd64 compressed oops)
# Failed to write core dump. Minidumps are not enabled by default on client versions of Windows
#

---------------  T H R E A D  ---------------

Current thread (0x000000001649b000):  JavaThread "C2 CompilerThread1" daemon [_thread_in_native, id=18268, stack(0x0000000017be0000,0x0000000017ce0000)]

Stack: [0x0000000017be0000,0x0000000017ce0000]
[error occurred during error reporting (printing stack bounds), id 0xc0000005]

Native frames: (J=compiled Java code, j=interpreted, Vv=VM code, C=native code)


Current CompileTask:
C2:  58076 13232       4       com.android.tools.r8.dex.n::a (1022 bytes)


---------------  P R O C E S S  ---------------

Java Threads: ( => current thread )
  0x000000001c66a800 JavaThread "ForkJoinPool-1-worker-0" daemon [_thread_blocked, id=10156, stack(0x00000000261e0000,0x00000000262e0000)]
  0x000000001c667000 JavaThread "ForkJoinPool-1-worker-3" daemon [_thread_blocked, id=16316, stack(0x0000000025980000,0x0000000025a80000)]
  0x000000001c669800 JavaThread "ForkJoinPool-1-worker-2" daemon [_thread_blocked, id=18888, stack(0x00000000256a0000,0x00000000257a0000)]
  0x000000001c65b000 JavaThread "ForkJoinPool-1-worker-1" daemon [_thread_blocked, id=8116, stack(0x00000000255a0000,0x00000000256a0000)]
  0x000000001c664000 JavaThread "WorkerExecutor Queue Thread 4" [_thread_blocked, id=2824, stack(0x0000000025880000,0x0000000025980000)]
  0x000000001c65f800 JavaThread "WorkerExecutor Queue Thread 3" [_thread_in_vm, id=15768, stack(0x0000000024ea0000,0x0000000024fa0000)]
  0x000000001c662800 JavaThread "WorkerExecutor Queue Thread 2" [_thread_blocked, id=13028, stack(0x0000000024da0000,0x0000000024ea0000)]
  0x000000001c65f000 JavaThread "WorkerExecutor Queue" [_thread_blocked, id=11612, stack(0x0000000024740000,0x0000000024840000)]
  0x000000001c661000 JavaThread "Cache worker for Java compile cache (C:\Users\A1ex\AndroidStudioProjects\Terminal_v2\.gradle\6.1.1\javaCompile)" [_thread_blocked, id=13672, stack(0x0000000024240000,0x0000000024340000)]
  0x000000001c662000 JavaThread "Cache worker for Java compile cache (C:\Users\A1ex\.gradle\caches\6.1.1\javaCompile)" [_thread_blocked, id=12960, stack(0x0000000023ce0000,0x0000000023de0000)]
  0x000000001ce1a000 JavaThread "Cache worker for execution history cache (C:\Users\A1ex\AndroidStudioProjects\Terminal_v2\.gradle\6.1.1\executionHistory)" [_thread_blocked, id=18192, stack(0x00000000238b0000,0x00000000239b0000)]
  0x000000001ce18800 JavaThread "Execution worker for ':' Thread 3" [_thread_blocked, id=10896, stack(0x0000000023be0000,0x0000000023ce0000)]
  0x000000001ce17800 JavaThread "Execution worker for ':' Thread 2" [_thread_blocked, id=10600, stack(0x0000000023ae0000,0x0000000023be0000)]
  0x000000001ce17000 JavaThread "Execution worker for ':'" [_thread_blocked, id=11824, stack(0x00000000239e0000,0x0000000023ae0000)]
  0x000000001ce19000 JavaThread "Cache worker for file content cache (C:\Users\A1ex\AndroidStudioProjects\Terminal_v2\.gradle\6.1.1\fileContent)" [_thread_blocked, id=13832, stack(0x00000000233b0000,0x00000000234b0000)]
  0x000000001ce16000 JavaThread "Cache worker for file content cache (C:\Users\A1ex\.gradle\caches\6.1.1\fileContent)" [_thread_blocked, id=12932, stack(0x00000000232b0000,0x00000000233b0000)]
  0x000000001ce0e800 JavaThread "Memory manager" [_thread_blocked, id=11888, stack(0x00000000231b0000,0x00000000232b0000)]
  0x000000001ce0c000 JavaThread "Cache worker for Build Output Cleanup Cache (C:\Users\A1ex\AndroidStudioProjects\Terminal_v2\.gradle\buildOutputCleanup)" [_thread_blocked, id=12628, stack(0x00000000226b0000,0x00000000227b0000)]
  0x000000001ce0d800 JavaThread "pool-1-thread-1" [_thread_blocked, id=10508, stack(0x00000000223b0000,0x00000000224b0000)]
  0x000000001ce13000 JavaThread "Build operations Thread 4" [_thread_blocked, id=15032, stack(0x0000000020e20000,0x0000000020f20000)]
  0x000000001ce11800 JavaThread "Build operations Thread 3" [_thread_blocked, id=15324, stack(0x000000001fcf0000,0x000000001fdf0000)]
  0x000000001ce10000 JavaThread "Build operations Thread 2" [_thread_blocked, id=13828, stack(0x000000001fbf0000,0x000000001fcf0000)]
  0x000000001ce0b800 JavaThread "Build operations" [_thread_blocked, id=17812, stack(0x000000001faf0000,0x000000001fbf0000)]
  0x0000000018895000 JavaThread "Cache worker for execution history cache (C:\Users\A1ex\.gradle\caches\6.1.1\executionHistory)" [_thread_blocked, id=7548, stack(0x000000001edf0000,0x000000001eef0000)]
  0x0000000018898000 JavaThread "Cache worker for cache directory md-rule (C:\Users\A1ex\.gradle\caches\6.1.1\md-rule)" [_thread_blocked, id=15344, stack(0x000000001ecf0000,0x000000001edf0000)]
  0x0000000018894000 JavaThread "Cache worker for cache directory md-supplier (C:\Users\A1ex\.gradle\caches\6.1.1\md-supplier)" [_thread_blocked, id=17776, stack(0x000000001d5e0000,0x000000001d6e0000)]
  0x0000000018892800 JavaThread "Cache worker for file hash cache (C:\Users\A1ex\AndroidStudioProjects\Terminal_v2\.gradle\6.1.1\fileHashes)" [_thread_blocked, id=16576, stack(0x000000001d2e0000,0x000000001d3e0000)]
  0x0000000018893800 JavaThread "Cache worker for checksums cache (C:\Users\A1ex\AndroidStudioProjects\Terminal_v2\.gradle\checksums)" [_thread_blocked, id=3084, stack(0x000000001e710000,0x000000001e810000)]
  0x0000000018897800 JavaThread "Cache worker for file hash cache (C:\Users\A1ex\.gradle\caches\6.1.1\fileHashes)" [_thread_blocked, id=10564, stack(0x000000001c210000,0x000000001c310000)]
  0x0000000018892000 JavaThread "File lock request listener" [_thread_in_native, id=4516, stack(0x000000001c110000,0x000000001c210000)]
  0x0000000018896800 JavaThread "Cache worker for journal cache (C:\Users\A1ex\.gradle\caches\journal-1)" [_thread_blocked, id=12888, stack(0x000000001c010000,0x000000001c110000)]
  0x0000000018c2b800 JavaThread "Thread-9" [_thread_blocked, id=10692, stack(0x000000001bd10000,0x000000001be10000)]
  0x0000000018c27000 JavaThread "Stdin handler" [_thread_blocked, id=19176, stack(0x000000001bc10000,0x000000001bd10000)]
  0x0000000018c26000 JavaThread "Asynchronous log dispatcher for DefaultDaemonConnection: socket connection from /127.0.0.1:60397 to /127.0.0.1:60398" [_thread_blocked, id=3692, stack(0x000000001bb10000,0x000000001bc10000)]
  0x0000000018ccc000 JavaThread "Daemon worker" [_thread_blocked, id=4212, stack(0x000000001ba10000,0x000000001bb10000)]
  0x0000000018ccb000 JavaThread "Cancel handler" [_thread_blocked, id=796, stack(0x000000001b910000,0x000000001ba10000)]
  0x00000000190c4800 JavaThread "Handler for socket connection from /127.0.0.1:60397 to /127.0.0.1:60398" [_thread_in_native, id=13592, stack(0x000000001b610000,0x000000001b710000)]
  0x00000000190d0800 JavaThread "Daemon" [_thread_blocked, id=11176, stack(0x000000001b510000,0x000000001b610000)]
  0x0000000018ba1800 JavaThread "Daemon periodic checks" [_thread_blocked, id=2956, stack(0x000000001b410000,0x000000001b510000)]
  0x0000000018b32000 JavaThread "Incoming local TCP Connector on port 60397" [_thread_in_native, id=11684, stack(0x000000001b1c0000,0x000000001b2c0000)]
  0x0000000018090000 JavaThread "Daemon health stats" [_thread_blocked, id=18408, stack(0x000000001ab80000,0x000000001ac80000)]
  0x0000000017d09800 JavaThread "Service Thread" daemon [_thread_blocked, id=11752, stack(0x00000000181e0000,0x00000000182e0000)]
  0x0000000017ce8800 JavaThread "C1 CompilerThread2" daemon [_thread_blocked, id=10200, stack(0x00000000180e0000,0x00000000181e0000)]
=>0x000000001649b000 JavaThread "C2 CompilerThread1" daemon [_thread_in_native, id=18268, stack(0x0000000017be0000,0x0000000017ce0000)]
  0x0000000016485800 JavaThread "C2 CompilerThread0" daemon [_thread_in_native, id=13608, stack(0x0000000017ae0000,0x0000000017be0000)]
  0x0000000016484000 JavaThread "Attach Listener" daemon [_thread_blocked, id=10608, stack(0x00000000179e0000,0x0000000017ae0000)]
  0x0000000016483000 JavaThread "Signal Dispatcher" daemon [_thread_blocked, id=12748, stack(0x00000000178e0000,0x00000000179e0000)]
  0x0000000002b0b000 JavaThread "Finalizer" daemon [_thread_blocked, id=3192, stack(0x00000000176d0000,0x00000000177d0000)]
  0x0000000016469000 JavaThread "Reference Handler" daemon [_thread_blocked, id=13384, stack(0x00000000175d0000,0x00000000176d0000)]
  0x000000000107e000 JavaThread "main" [_thread_blocked, id=5492, stack(0x0000000002890000,0x0000000002990000)]

Other Threads:
  0x0000000016446800 VMThread [stack: 0x00000000174d0000,0x00000000175d0000] [id=9252]
  0x00000000164de800 WatcherThread [stack: 0x00000000182e0000,0x00000000183e0000] [id=11044]

VM state:not at safepoint (normal execution)

VM Mutex/Monitor currently owned by a thread: None

heap address: 0x00000000a0000000, size: 1536 MB, Compressed Oops mode: 32-bit
Narrow klass base: 0x0000000000000000, Narrow klass shift: 3
Compressed class space size: 1073741824 Address: 0x0000000100000000

Heap:
 PSYoungGen      total 226304K, used 106637K [0x00000000e0000000, 0x00000000f3a80000, 0x0000000100000000)
  eden space 197120K, 39% used [0x00000000e0000000,0x00000000e4baa730,0x00000000ec080000)
  from space 29184K, 99% used [0x00000000ec080000,0x00000000edcf9010,0x00000000edd00000)
  to   space 40960K, 0% used [0x00000000f1280000,0x00000000f1280000,0x00000000f3a80000)
 ParOldGen       total 134144K, used 64331K [0x00000000a0000000, 0x00000000a8300000, 0x00000000e0000000)
  object space 134144K, 47% used [0x00000000a0000000,0x00000000a3ed2c40,0x00000000a8300000)
 Metaspace       used 78101K, capacity 81786K, committed 81968K, reserved 1120256K
  class space    used 10541K, capacity 11250K, committed 11312K, reserved 1048576K

Card table byte_map: [0x0000000011ed0000,0x00000000121e0000] byte_map_base: 0x00000000119d0000

Marking Bits: (ParMarkBitMap*) 0x000000005c76f030
 Begin Bits: [0x00000000127e0000, 0x0000000013fe0000)
 End Bits:   [0x0000000013fe0000, 0x00000000157e0000)

Polling page: 0x0000000000db0000

CodeCache: size=245760Kb used=39418Kb max_used=39418Kb free=206341Kb
 bounds [0x0000000002b10000, 0x00000000051c0000, 0x0000000011b10000]
 total_blobs=12145 nmethods=11302 adapters=752
 compilation: enabled

Compilation events (10 events):
Event: 58.064 Thread 0x0000000017ce8800 13302       2       java.util.concurrent.ConcurrentLinkedQueue$Itr::hasNext (13 bytes)
Event: 58.064 Thread 0x0000000017ce8800 nmethod 13302 0x000000000516d390 code [0x000000000516d4e0, 0x000000000516d650]
Event: 58.064 Thread 0x0000000017ce8800 13305       2       java.util.concurrent.ConcurrentLinkedQueue::succ (19 bytes)
Event: 58.064 Thread 0x0000000017ce8800 nmethod 13305 0x000000000516d010 code [0x000000000516d160, 0x000000000516d2d0]
Event: 58.065 Thread 0x0000000017ce8800 13309       2       com.android.tools.r8.utils.L0$$Lambda$658/173500929::get$Lambda (9 bytes)
Event: 58.065 Thread 0x0000000017ce8800 nmethod 13309 0x000000000516cc90 code [0x000000000516cde0, 0x000000000516cf70]
Event: 58.066 Thread 0x0000000017ce8800 13310   !   2       java.util.concurrent.ConcurrentHashMap::merge (526 bytes)
Event: 58.070 Thread 0x0000000017ce8800 nmethod 13310 0x000000000516a950 code [0x000000000516abc0, 0x000000000516bbc8]
Event: 58.073 Thread 0x0000000017ce8800 13311       1       com.android.tools.r8.graph.b0::get (2 bytes)
Event: 58.074 Thread 0x0000000017ce8800 nmethod 13311 0x0000000005186950 code [0x0000000005186aa0, 0x0000000005186bb0]

GC Heap History (10 events):
Event: 24.455 GC heap before
{Heap before GC invocations=14 (full 2):
 PSYoungGen      total 155648K, used 37533K [0x00000000e0000000, 0x00000000ecd80000, 0x0000000100000000)
  eden space 142336K, 17% used [0x00000000e0000000,0x00000000e17aa230,0x00000000e8b00000)
  from space 13312K, 99% used [0x00000000e8b00000,0x00000000e97fd5c8,0x00000000e9800000)
  to   space 18432K, 0% used [0x00000000ebb80000,0x00000000ebb80000,0x00000000ecd80000)
 ParOldGen       total 87552K, used 24912K [0x00000000a0000000, 0x00000000a5580000, 0x00000000e0000000)
  object space 87552K, 28% used [0x00000000a0000000,0x00000000a1854290,0x00000000a5580000)
 Metaspace       used 57056K, capacity 59052K, committed 59160K, reserved 1099776K
  class space    used 7817K, capacity 8279K, committed 8368K, reserved 1048576K
Event: 24.470 GC heap after
Heap after GC invocations=14 (full 2):
 PSYoungGen      total 192000K, used 2439K [0x00000000e0000000, 0x00000000ed380000, 0x0000000100000000)
  eden space 173568K, 0% used [0x00000000e0000000,0x00000000e0000000,0x00000000ea980000)
  from space 18432K, 13% used [0x00000000ebb80000,0x00000000ebde1df8,0x00000000ecd80000)
  to   space 18432K, 0% used [0x00000000ea980000,0x00000000ea980000,0x00000000ebb80000)
 ParOldGen       total 87552K, used 33922K [0x00000000a0000000, 0x00000000a5580000, 0x00000000e0000000)
  object space 87552K, 38% used [0x00000000a0000000,0x00000000a21209f8,0x00000000a5580000)
 Metaspace       used 57056K, capacity 59052K, committed 59160K, reserved 1099776K
  class space    used 7817K, capacity 8279K, committed 8368K, reserved 1048576K
}
Event: 24.470 GC heap before
{Heap before GC invocations=15 (full 3):
 PSYoungGen      total 192000K, used 2439K [0x00000000e0000000, 0x00000000ed380000, 0x0000000100000000)
  eden space 173568K, 0% used [0x00000000e0000000,0x00000000e0000000,0x00000000ea980000)
  from space 18432K, 13% used [0x00000000ebb80000,0x00000000ebde1df8,0x00000000ecd80000)
  to   space 18432K, 0% used [0x00000000ea980000,0x00000000ea980000,0x00000000ebb80000)
 ParOldGen       total 87552K, used 33922K [0x00000000a0000000, 0x00000000a5580000, 0x00000000e0000000)
  object space 87552K, 38% used [0x00000000a0000000,0x00000000a21209f8,0x00000000a5580000)
 Metaspace       used 57056K, capacity 59052K, committed 59160K, reserved 1099776K
  class space    used 7817K, capacity 8279K, committed 8368K, reserved 1048576K
Event: 24.838 GC heap after
Heap after GC invocations=15 (full 3):
 PSYoungGen      total 192000K, used 0K [0x00000000e0000000, 0x00000000ed380000, 0x0000000100000000)
  eden space 173568K, 0% used [0x00000000e0000000,0x00000000e0000000,0x00000000ea980000)
  from space 18432K, 0% used [0x00000000ebb80000,0x00000000ebb80000,0x00000000ecd80000)
  to   space 18432K, 0% used [0x00000000ea980000,0x00000000ea980000,0x00000000ebb80000)
 ParOldGen       total 134144K, used 28974K [0x00000000a0000000, 0x00000000a8300000, 0x00000000e0000000)
  object space 134144K, 21% used [0x00000000a0000000,0x00000000a1c4bb60,0x00000000a8300000)
 Metaspace       used 57044K, capacity 59010K, committed 59160K, reserved 1099776K
  class space    used 7813K, capacity 8272K, committed 8368K, reserved 1048576K
}
Event: 29.971 GC heap before
{Heap before GC invocations=16 (full 3):
 PSYoungGen      total 192000K, used 173568K [0x00000000e0000000, 0x00000000ed380000, 0x0000000100000000)
  eden space 173568K, 100% used [0x00000000e0000000,0x00000000ea980000,0x00000000ea980000)
  from space 18432K, 0% used [0x00000000ebb80000,0x00000000ebb80000,0x00000000ecd80000)
  to   space 18432K, 0% used [0x00000000ea980000,0x00000000ea980000,0x00000000ebb80000)
 ParOldGen       total 134144K, used 28974K [0x00000000a0000000, 0x00000000a8300000, 0x00000000e0000000)
  object space 134144K, 21% used [0x00000000a0000000,0x00000000a1c4bb60,0x00000000a8300000)
 Metaspace       used 61420K, capacity 64064K, committed 64432K, reserved 1103872K
  class space    used 8433K, capacity 9009K, committed 9136K, reserved 1048576K
Event: 30.010 GC heap after
Heap after GC invocations=16 (full 3):
 PSYoungGen      total 192000K, used 15025K [0x00000000e0000000, 0x00000000ef080000, 0x0000000100000000)
  eden space 173568K, 0% used [0x00000000e0000000,0x00000000e0000000,0x00000000ea980000)
  from space 18432K, 81% used [0x00000000ea980000,0x00000000eb82c7e8,0x00000000ebb80000)
  to   space 19968K, 0% used [0x00000000edd00000,0x00000000edd00000,0x00000000ef080000)
 ParOldGen       total 134144K, used 28982K [0x00000000a0000000, 0x00000000a8300000, 0x00000000e0000000)
  object space 134144K, 21% used [0x00000000a0000000,0x00000000a1c4db60,0x00000000a8300000)
 Metaspace       used 61420K, capacity 64064K, committed 64432K, reserved 1103872K
  class space    used 8433K, capacity 9009K, committed 9136K, reserved 1048576K
}
Event: 42.354 GC heap before
{Heap before GC invocations=17 (full 3):
 PSYoungGen      total 192000K, used 188593K [0x00000000e0000000, 0x00000000ef080000, 0x0000000100000000)
  eden space 173568K, 100% used [0x00000000e0000000,0x00000000ea980000,0x00000000ea980000)
  from space 18432K, 81% used [0x00000000ea980000,0x00000000eb82c7e8,0x00000000ebb80000)
  to   space 19968K, 0% used [0x00000000edd00000,0x00000000edd00000,0x00000000ef080000)
 ParOldGen       total 134144K, used 28982K [0x00000000a0000000, 0x00000000a8300000, 0x00000000e0000000)
  object space 134144K, 21% used [0x00000000a0000000,0x00000000a1c4db60,0x00000000a8300000)
 Metaspace       used 68604K, capacity 71518K, committed 71856K, reserved 1112064K
  class space    used 9204K, capacity 9816K, committed 9904K, reserved 1048576K
Event: 42.594 GC heap after
Heap after GC invocations=17 (full 3):
 PSYoungGen      total 217088K, used 19962K [0x00000000e0000000, 0x00000000f0880000, 0x0000000100000000)
  eden space 197120K, 0% used [0x00000000e0000000,0x00000000e0000000,0x00000000ec080000)
  from space 19968K, 99% used [0x00000000edd00000,0x00000000ef07ea00,0x00000000ef080000)
  to   space 29184K, 0% used [0x00000000ec080000,0x00000000ec080000,0x00000000edd00000)
 ParOldGen       total 134144K, used 45806K [0x00000000a0000000, 0x00000000a8300000, 0x00000000e0000000)
  object space 134144K, 34% used [0x00000000a0000000,0x00000000a2cbbaa0,0x00000000a8300000)
 Metaspace       used 68604K, capacity 71518K, committed 71856K, reserved 1112064K
  class space    used 9204K, capacity 9816K, committed 9904K, reserved 1048576K
}
Event: 55.647 GC heap before
{Heap before GC invocations=18 (full 3):
 PSYoungGen      total 217088K, used 217082K [0x00000000e0000000, 0x00000000f0880000, 0x0000000100000000)
  eden space 197120K, 100% used [0x00000000e0000000,0x00000000ec080000,0x00000000ec080000)
  from space 19968K, 99% used [0x00000000edd00000,0x00000000ef07ea00,0x00000000ef080000)
  to   space 29184K, 0% used [0x00000000ec080000,0x00000000ec080000,0x00000000edd00000)
 ParOldGen       total 134144K, used 45806K [0x00000000a0000000, 0x00000000a8300000, 0x00000000e0000000)
  object space 134144K, 34% used [0x00000000a0000000,0x00000000a2cbbaa0,0x00000000a8300000)
 Metaspace       used 77410K, capacity 81004K, committed 81328K, reserved 1120256K
  class space    used 10439K, capacity 11137K, committed 11184K, reserved 1048576K
Event: 55.773 GC heap after
Heap after GC invocations=18 (full 3):
 PSYoungGen      total 226304K, used 29156K [0x00000000e0000000, 0x00000000f3a80000, 0x0000000100000000)
  eden space 197120K, 0% used [0x00000000e0000000,0x00000000e0000000,0x00000000ec080000)
  from space 29184K, 99% used [0x00000000ec080000,0x00000000edcf9010,0x00000000edd00000)
  to   space 40960K, 0% used [0x00000000f1280000,0x00000000f1280000,0x00000000f3a80000)
 ParOldGen       total 134144K, used 64331K [0x00000000a0000000, 0x00000000a8300000, 0x00000000e0000000)
  object space 134144K, 47% used [0x00000000a0000000,0x00000000a3ed2c40,0x00000000a8300000)
 Metaspace       used 77410K, capacity 81004K, committed 81328K, reserved 1120256K
  class space    used 10439K, capacity 11137K, committed 11184K, reserved 1048576K
}

Deoptimization events (10 events):
Event: 55.795 Thread 0x000000001c65f800 Uncommon trap: reason=unstable_if action=reinterpret pc=0x000000000444b4f4 method=com.android.tools.r8.graph.e0.a([C)I @ 68
Event: 56.215 Thread 0x000000001c669800 Uncommon trap: reason=unstable_if action=reinterpret pc=0x0000000002f144b0 method=java.util.Arrays.hashCode([Ljava/lang/Object;)I @ 1
Event: 56.215 Thread 0x000000001c667000 Uncommon trap: reason=unstable_if action=reinterpret pc=0x0000000002f144b0 method=java.util.Arrays.hashCode([Ljava/lang/Object;)I @ 1
Event: 56.215 Thread 0x000000001c66a800 Uncommon trap: reason=unstable_if action=reinterpret pc=0x0000000002f144b0 method=java.util.Arrays.hashCode([Ljava/lang/Object;)I @ 1
Event: 56.215 Thread 0x000000001c65b000 Uncommon trap: reason=unstable_if action=reinterpret pc=0x0000000002f144b0 method=java.util.Arrays.hashCode([Ljava/lang/Object;)I @ 1
Event: 56.221 Thread 0x000000001c667000 Uncommon trap: reason=unstable_if action=reinterpret pc=0x00000000032667d8 method=java.util.concurrent.ConcurrentLinkedQueue.offer(Ljava/lang/Object;)Z @ 40
Event: 56.226 Thread 0x000000001c65b000 Uncommon trap: reason=unstable_if action=reinterpret pc=0x0000000004f53e08 method=com.android.tools.r8.graph.e0.c(Lcom/android/tools/r8/graph/e0;)I @ 141
Event: 56.595 Thread 0x000000001c667000 Uncommon trap: reason=unstable_if action=reinterpret pc=0x00000000047e64e0 method=com.android.tools.r8.graph.c0.computeEquals(Ljava/lang/Object;)Z @ 51
Event: 56.658 Thread 0x000000001c667000 Uncommon trap: reason=unloaded action=reinterpret pc=0x0000000005100314 method=com.android.tools.r8.code.u1.a(Ljava/nio/ShortBuffer;IILcom/android/tools/r8/graph/I0;)[Lcom/android/tools/r8/code/t1; @ 3253
Event: 57.617 Thread 0x000000001c667000 Uncommon trap: reason=unloaded action=reinterpret pc=0x000000000518f6f8 method=com.android.tools.r8.code.u1.a(Ljava/nio/ShortBuffer;IILcom/android/tools/r8/graph/I0;)[Lcom/android/tools/r8/code/t1; @ 3552

Classes redefined (0 events):
No events

Internal exceptions (10 events):
Event: 53.361 Thread 0x000000001c65f000 Exception <a 'sun/nio/fs/WindowsException'> (0x00000000e7e8f358) thrown at [C:\src\AOSP-openjdk-git\hotspot\src\share\vm\prims\jni.cpp, line 710]
Event: 53.399 Thread 0x000000001c65f000 Exception <a 'sun/nio/fs/WindowsException'> (0x00000000e7ea6cd0) thrown at [C:\src\AOSP-openjdk-git\hotspot\src\share\vm\prims\jni.cpp, line 710]
Event: 53.430 Thread 0x000000001c65f000 Exception <a 'sun/nio/fs/WindowsException'> (0x00000000e7f93858) thrown at [C:\src\AOSP-openjdk-git\hotspot\src\share\vm\prims\jni.cpp, line 710]
Event: 53.949 Thread 0x0000000018ccc000 Exception <a 'java/lang/NoSuchMethodError': <clinit>> (0x00000000e8d832f0) thrown at [C:\src\AOSP-openjdk-git\hotspot\src\share\vm\prims\jni.cpp, line 1615]
Event: 53.951 Thread 0x0000000018ccc000 Exception <a 'java/lang/NoSuchMethodError': <clinit>> (0x00000000e8d9a928) thrown at [C:\src\AOSP-openjdk-git\hotspot\src\share\vm\prims\jni.cpp, line 1615]
Event: 55.265 Thread 0x000000001c65f800 Exception <a 'sun/nio/fs/WindowsException'> (0x00000000ea21a9f0) thrown at [C:\src\AOSP-openjdk-git\hotspot\src\share\vm\prims\jni.cpp, line 710]
Event: 56.215 Thread 0x000000001c669800 Implicit null exception at 0x0000000002f143af to 0x0000000002f144a1
Event: 56.215 Thread 0x000000001c667000 Implicit null exception at 0x0000000002f143af to 0x0000000002f144a1
Event: 56.215 Thread 0x000000001c66a800 Implicit null exception at 0x0000000002f143af to 0x0000000002f144a1
Event: 56.215 Thread 0x000000001c65b000 Implicit null exception at 0x0000000002f143af to 0x0000000002f144a1

Events (10 events):
Event: 58.037 Thread 0x000000001c667000 DEOPT PACKING pc=0x000000000481b2e1 sp=0x0000000025a7ee10
Event: 58.037 Thread 0x000000001c667000 DEOPT UNPACKING pc=0x0000000002b575d0 sp=0x0000000025a7eca0 mode 0
Event: 58.040 Thread 0x000000001c667000 DEOPT PACKING pc=0x000000000481b2e1 sp=0x0000000025a7ee10
Event: 58.040 Thread 0x000000001c667000 DEOPT UNPACKING pc=0x0000000002b575d0 sp=0x0000000025a7eca0 mode 0
Event: 58.043 Thread 0x000000001c667000 DEOPT PACKING pc=0x000000000481b2e1 sp=0x0000000025a7ee10
Event: 58.043 Thread 0x000000001c667000 DEOPT UNPACKING pc=0x0000000002b575d0 sp=0x0000000025a7eca0 mode 0
Event: 58.048 Thread 0x000000001c667000 DEOPT PACKING pc=0x000000000481b2e1 sp=0x0000000025a7ee00
Event: 58.048 Thread 0x000000001c667000 DEOPT UNPACKING pc=0x0000000002b575d0 sp=0x0000000025a7ec90 mode 0
Event: 58.059 Thread 0x000000001c667000 DEOPT PACKING pc=0x000000000481b2e1 sp=0x0000000025a7ee10
Event: 58.059 Thread 0x000000001c667000 DEOPT UNPACKING pc=0x0000000002b575d0 sp=0x0000000025a7eca0 mode 0


Dynamic libraries:
0x00007ff70bec0000 - 0x00007ff70bef1000 	C:\Program Files\Android\Android Studio\jre\bin\java.exe
0x00007fff64280000 - 0x00007fff64470000 	C:\WINDOWS\SYSTEM32\ntdll.dll
0x00007fff41ed0000 - 0x00007fff41ee3000 	C:\Program Files\AVAST Software\Avast\aswhook.dll
0x00007fff62620000 - 0x00007fff626d2000 	C:\WINDOWS\System32\KERNEL32.DLL
0x00007fff62030000 - 0x00007fff622d4000 	C:\WINDOWS\System32\KERNELBASE.dll
0x00007fff628d0000 - 0x00007fff62973000 	C:\WINDOWS\System32\ADVAPI32.dll
0x00007fff641a0000 - 0x00007fff6423e000 	C:\WINDOWS\System32\msvcrt.dll
0x00007fff62980000 - 0x00007fff62a17000 	C:\WINDOWS\System32\sechost.dll
0x00007fff626e0000 - 0x00007fff62800000 	C:\WINDOWS\System32\RPCRT4.dll
0x00007fff62470000 - 0x00007fff62604000 	C:\WINDOWS\System32\USER32.dll
0x00007fff61210000 - 0x00007fff61231000 	C:\WINDOWS\System32\win32u.dll
0x00007fff634a0000 - 0x00007fff634c6000 	C:\WINDOWS\System32\GDI32.dll
0x00007fff61bf0000 - 0x00007fff61d85000 	C:\WINDOWS\System32\gdi32full.dll
0x00007fff61ec0000 - 0x00007fff61f5e000 	C:\WINDOWS\System32\msvcp_win.dll
0x00007fff61d90000 - 0x00007fff61e8a000 	C:\WINDOWS\System32\ucrtbase.dll
0x00007fff52780000 - 0x00007fff52a04000 	C:\WINDOWS\WinSxS\amd64_microsoft.windows.common-controls_6595b64144ccf1df_6.0.18362.900_none_e6beb9d913147d17\COMCTL32.dll
0x00007fff62d50000 - 0x00007fff63085000 	C:\WINDOWS\System32\combase.dll
0x00007fff61240000 - 0x00007fff612c0000 	C:\WINDOWS\System32\bcryptPrimitives.dll
0x00007fff62c60000 - 0x00007fff62c8e000 	C:\WINDOWS\System32\IMM32.DLL
0x000000005cf90000 - 0x000000005d062000 	C:\Program Files\Android\Android Studio\jre\jre\bin\msvcr100.dll
0x000000005bfa0000 - 0x000000005c7eb000 	C:\Program Files\Android\Android Studio\jre\jre\bin\server\jvm.dll
0x00007fff62610000 - 0x00007fff62618000 	C:\WINDOWS\System32\PSAPI.DLL
0x00007fff520b0000 - 0x00007fff520b9000 	C:\WINDOWS\SYSTEM32\WSOCK32.dll
0x00007fff63a20000 - 0x00007fff63a8f000 	C:\WINDOWS\System32\WS2_32.dll
0x00007fff5f210000 - 0x00007fff5f234000 	C:\WINDOWS\SYSTEM32\WINMM.dll
0x00007fff579a0000 - 0x00007fff579aa000 	C:\WINDOWS\SYSTEM32\VERSION.dll
0x00007fff5f1e0000 - 0x00007fff5f20d000 	C:\WINDOWS\SYSTEM32\WINMMBASE.dll
0x00007fff622e0000 - 0x00007fff6232a000 	C:\WINDOWS\System32\cfgmgr32.dll
0x00007fff54d50000 - 0x00007fff54d5f000 	C:\Program Files\Android\Android Studio\jre\jre\bin\verify.dll
0x00007fff3f280000 - 0x00007fff3f2a9000 	C:\Program Files\Android\Android Studio\jre\jre\bin\java.dll
0x00007fff531e0000 - 0x00007fff531f6000 	C:\Program Files\Android\Android Studio\jre\jre\bin\zip.dll
0x00007fff63ab0000 - 0x00007fff64196000 	C:\WINDOWS\System32\SHELL32.dll
0x00007fff633f0000 - 0x00007fff63499000 	C:\WINDOWS\System32\shcore.dll
0x00007fff61410000 - 0x00007fff61b90000 	C:\WINDOWS\System32\windows.storage.dll
0x00007fff61190000 - 0x00007fff611b3000 	C:\WINDOWS\System32\profapi.dll
0x00007fff611c0000 - 0x00007fff6120a000 	C:\WINDOWS\System32\powrprof.dll
0x00007fff61140000 - 0x00007fff61150000 	C:\WINDOWS\System32\UMPDC.dll
0x00007fff634d0000 - 0x00007fff63522000 	C:\WINDOWS\System32\shlwapi.dll
0x00007fff61170000 - 0x00007fff61181000 	C:\WINDOWS\System32\kernel.appcore.dll
0x00007fff61f60000 - 0x00007fff61f77000 	C:\WINDOWS\System32\cryptsp.dll
0x00007fff4b760000 - 0x00007fff4b77a000 	C:\Program Files\Android\Android Studio\jre\jre\bin\net.dll
0x00007fff60950000 - 0x00007fff609b7000 	C:\WINDOWS\system32\mswsock.dll
0x00007fff49e00000 - 0x00007fff49e13000 	C:\Program Files\Android\Android Studio\jre\jre\bin\nio.dll
0x00007fff48900000 - 0x00007fff48926000 	C:\Users\A1ex\.gradle\native\31\windows-amd64\native-platform.dll
0x00007fff53d90000 - 0x00007fff53d9d000 	C:\Program Files\Android\Android Studio\jre\jre\bin\management.dll
0x00007fff604c0000 - 0x00007fff604f3000 	C:\WINDOWS\system32\rsaenh.dll
0x00007fff61e90000 - 0x00007fff61eb6000 	C:\WINDOWS\System32\bcrypt.dll
0x00007fff61060000 - 0x00007fff61085000 	C:\WINDOWS\SYSTEM32\USERENV.dll
0x00007fff60b80000 - 0x00007fff60b8c000 	C:\WINDOWS\SYSTEM32\CRYPTBASE.dll
0x00007fff60660000 - 0x00007fff6069a000 	C:\WINDOWS\SYSTEM32\IPHLPAPI.DLL
0x00007fff631d0000 - 0x00007fff631d8000 	C:\WINDOWS\System32\NSI.dll
0x00007fff574f0000 - 0x00007fff57506000 	C:\WINDOWS\SYSTEM32\dhcpcsvc6.DLL
0x00007fff574a0000 - 0x00007fff574bc000 	C:\WINDOWS\SYSTEM32\dhcpcsvc.DLL
0x00007fff606a0000 - 0x00007fff6076b000 	C:\WINDOWS\SYSTEM32\DNSAPI.dll

VM Arguments:
jvm_args: -Xmx1536m -Dfile.encoding=windows-1251 -Duser.country=RU -Duser.language=ru -Duser.variant 
java_command: org.gradle.launcher.daemon.bootstrap.GradleDaemon 6.1.1
java_class_path (initial): C:\Users\A1ex\.gradle\wrapper\dists\gradle-6.1.1-all\cfmwm155h49vnt3hynmlrsdst\gradle-6.1.1\lib\gradle-launcher-6.1.1.jar
Launcher Type: SUN_STANDARD

Environment Variables:
JAVA_HOME=c:\Program Files\Java\jdk1.8.0_131\
PATH=C:\ProgramData\Oracle\Java\javapath;C:\Program Files (x86)\NVIDIA Corporation\PhysX\Common;C:\WINDOWS\system32;C:\WINDOWS;C:\WINDOWS\System32\Wbem;C:\WINDOWS\System32\WindowsPowerShell\v1.0\;C:\Program Files (x86)\Common Files\Adobe\AGL;C:\WINDOWS\System32\OpenSSH\;C:\Program Files\Intel\WiFi\bin\;C:\Program Files\Common Files\Intel\WirelessCommon\;I:\Git\cmd;C:\Users\A1ex\AppData\Local\Microsoft\WindowsApps;C:\Program Files\Intel\WiFi\bin\;C:\Program Files\Common Files\Intel\WirelessCommon\;e:\Android\Android\Sdk\\tools;e:\Android\Android\Sdk\\platform-tools;
USERNAME=A1ex
OS=Windows_NT
PROCESSOR_IDENTIFIER=Intel64 Family 6 Model 58 Stepping 9, GenuineIntel



---------------  S Y S T E M  ---------------

OS: Windows 10.0 , 64 bit Build 18362 (10.0.18362.900)

CPU:total 4 (initial active 4) (2 cores per cpu, 2 threads per core) family 6 model 58 stepping 9, cmov, cx8, fxsr, mmx, sse, sse2, sse3, ssse3, sse4.1, sse4.2, popcnt, avx, clmul, erms, ht, tsc, tscinvbit, tscinv

Memory: 4k page, physical 8278376k(873992k free), swap 10375528k(5968k free)

vm_info: OpenJDK 64-Bit Server VM (25.242-b01) for windows-amd64 JRE (1.8.0_242-release-1644-b01), built by "builder" with MS VC++ 10.0 (VS2010)

time: Thu Jul 02 12:24:43 2020
timezone: Финляндия (лето)
elapsed time: 58 seconds (0d 0h 0m 58s)

