#
# There is insufficient memory for the Java Runtime Environment to continue.
# Native memory allocation (malloc) failed to allocate 295056 bytes for Chunk::new
# Possible reasons:
#   The system is out of physical RAM or swap space
#   The process is running with CompressedOops enabled, and the Java Heap may be blocking the growth of the native heap
# Possible solutions:
#   Reduce memory load on the system
#   Increase physical memory or swap space
#   Check if swap backing store is full
#   Decrease Java heap size (-Xmx/-Xms)
#   Decrease number of Java threads
#   Decrease Java thread stack sizes (-Xss)
#   Set larger code cache with -XX:ReservedCodeCacheSize=
#   JVM is running with Unscaled Compressed Oops mode in which the Java heap is
#     placed in the first 4GB address space. The Java Heap base address is the
#     maximum limit for the native heap growth. Please use -XX:HeapBaseMinAddress
#     to set the Java Heap base and to place the Java Heap above 4GB virtual address.
# This output file may be truncated or incomplete.
#
#  Out of Memory Error (allocation.cpp:389), pid=14028, tid=0x0000000000003bb8
#
# JRE version: OpenJDK Runtime Environment (8.0_212-b04) (build 1.8.0_212-release-1586-b04)
# Java VM: OpenJDK 64-Bit Server VM (25.212-b04 mixed mode windows-amd64 compressed oops)
# Failed to write core dump. Minidumps are not enabled by default on client versions of Windows
#

---------------  T H R E A D  ---------------

Current thread (0x0000000016a75800):  JavaThread "C2 CompilerThread0" daemon [_thread_in_native, id=15288, stack(0x00000000180f0000,0x00000000181f0000)]

Stack: [0x00000000180f0000,0x00000000181f0000]
[error occurred during error reporting (printing stack bounds), id 0xc0000005]

Native frames: (J=compiled Java code, j=interpreted, Vv=VM code, C=native code)


Current CompileTask:
C2:25272545 23937       4       com.sun.org.apache.xerces.internal.impl.XMLNSDocumentScannerImpl::scanAttribute (824 bytes)


---------------  P R O C E S S  ---------------

Java Threads: ( => current thread )
  0x000000001e1cf000 JavaThread "Cache worker for execution history cache (C:\Users\A1ex\AndroidStudioProjects\Terminal_v2\.gradle\5.6.4\executionHistory)" [_thread_in_native, id=2280, stack(0x0000000026250000,0x0000000026350000)]
  0x000000001e1ce800 JavaThread "Execution worker for ':' Thread 3" [_thread_in_Java, id=9904, stack(0x0000000025420000,0x0000000025520000)]
  0x000000001e1d1800 JavaThread "Execution worker for ':' Thread 2" [_thread_blocked, id=8200, stack(0x0000000024b20000,0x0000000024c20000)]
  0x000000001e1d0000 JavaThread "Execution worker for ':'" [_thread_blocked, id=14548, stack(0x0000000024720000,0x0000000024820000)]
  0x000000001e1c4800 JavaThread "Cache worker for file content cache (C:\Users\A1ex\AndroidStudioProjects\Terminal_v2\.gradle\5.6.4\fileContent)" [_thread_blocked, id=11632, stack(0x0000000024620000,0x0000000024720000)]
  0x000000001e1cb800 JavaThread "Cache worker for Build Output Cleanup Cache (C:\Users\A1ex\AndroidStudioProjects\Terminal_v2\.gradle\buildOutputCleanup)" [_thread_blocked, id=1856, stack(0x0000000024520000,0x0000000024620000)]
  0x000000001e1ca800 JavaThread "pool-16-thread-1" [_thread_blocked, id=16284, stack(0x0000000024420000,0x0000000024520000)]
  0x000000001e1c3000 JavaThread "Build operations Thread 4" [_thread_blocked, id=5684, stack(0x0000000023f20000,0x0000000024020000)]
  0x000000001e1c8800 JavaThread "Build operations Thread 3" [_thread_blocked, id=104, stack(0x0000000022820000,0x0000000022920000)]
  0x000000001e1ca000 JavaThread "Build operations Thread 2" [_thread_blocked, id=11784, stack(0x0000000021b20000,0x0000000021c20000)]
  0x000000001e1c4000 JavaThread "Build operations" [_thread_blocked, id=3276, stack(0x0000000021820000,0x0000000021920000)]
  0x000000001e1c5800 JavaThread "Cache worker for cache directory md-rule (C:\Users\A1ex\.gradle\caches\5.6.4\md-rule)" [_thread_blocked, id=15604, stack(0x0000000020080000,0x0000000020180000)]
  0x000000001bbfc800 JavaThread "Cache worker for cache directory md-supplier (C:\Users\A1ex\.gradle\caches\5.6.4\md-supplier)" [_thread_blocked, id=3560, stack(0x000000001fdc0000,0x000000001fec0000)]
  0x000000001bbfb800 JavaThread "Cache worker for file hash cache (C:\Users\A1ex\AndroidStudioProjects\Terminal_v2\.gradle\5.6.4\fileHashes)" [_thread_blocked, id=2480, stack(0x000000001fac0000,0x000000001fbc0000)]
  0x000000001bbfe800 JavaThread "Thread-202" [_thread_blocked, id=5980, stack(0x000000001ed40000,0x000000001ee40000)]
  0x000000001bbfa000 JavaThread "Stdin handler" [_thread_blocked, id=13596, stack(0x000000001dbf0000,0x000000001dcf0000)]
  0x000000001bbf0000 JavaThread "Asynchronous log dispatcher for DefaultDaemonConnection: socket connection from /127.0.0.1:50634 to /127.0.0.1:54972" [_thread_in_native, id=14680, stack(0x000000001b350000,0x000000001b450000)]
  0x000000001bbf5800 JavaThread "Cancel handler" [_thread_blocked, id=17132, stack(0x000000001af50000,0x000000001b050000)]
  0x000000001bbf2800 JavaThread "Handler for socket connection from /127.0.0.1:50634 to /127.0.0.1:54972" [_thread_in_native, id=11208, stack(0x000000001ac50000,0x000000001ad50000)]
  0x000000001e1c7800 JavaThread "Daemon worker Thread 8" [_thread_blocked, id=7128, stack(0x000000001b050000,0x000000001b150000)]
  0x000000001e1c2800 JavaThread "Daemon Thread 8" [_thread_blocked, id=16624, stack(0x000000001ab50000,0x000000001ac50000)]
  0x000000001bbfd000 JavaThread "Cache worker for Java compile cache (C:\Users\A1ex\.gradle\caches\5.6.4\javaCompile)" [_thread_blocked, id=5372, stack(0x0000000024a20000,0x0000000024b20000)]
  0x000000001bbf1800 JavaThread "Cache worker for file content cache (C:\Users\A1ex\.gradle\caches\5.6.4\fileContent)" [_thread_blocked, id=9500, stack(0x0000000022720000,0x0000000022820000)]
  0x000000001bbf4800 JavaThread "Memory manager" [_thread_blocked, id=5212, stack(0x0000000022620000,0x0000000022720000)]
  0x000000001bbf1000 JavaThread "Cache worker for execution history cache (C:\Users\A1ex\.gradle\caches\5.6.4\executionHistory)" [_thread_blocked, id=13048, stack(0x000000001ff80000,0x0000000020080000)]
  0x0000000019bdb800 JavaThread "Cache worker for journal cache (C:\Users\A1ex\.gradle\caches\journal-1)" [_thread_blocked, id=6044, stack(0x000000001b850000,0x000000001b950000)]
  0x0000000019bdf000 JavaThread "File lock request listener" [_thread_in_native, id=17152, stack(0x000000001b750000,0x000000001b850000)]
  0x0000000019bdd800 JavaThread "Cache worker for file hash cache (C:\Users\A1ex\.gradle\caches\5.6.4\fileHashes)" [_thread_blocked, id=4668, stack(0x000000001b650000,0x000000001b750000)]
  0x0000000019783800 JavaThread "Daemon periodic checks" [_thread_blocked, id=10072, stack(0x000000001aa50000,0x000000001ab50000)]
  0x000000001977c000 JavaThread "Incoming local TCP Connector on port 50634" [_thread_in_native, id=16232, stack(0x000000001a800000,0x000000001a900000)]
  0x0000000019286800 JavaThread "Daemon health stats" [_thread_blocked, id=4672, stack(0x000000001a1c0000,0x000000001a2c0000)]
  0x0000000016ace000 JavaThread "Service Thread" daemon [_thread_blocked, id=6152, stack(0x00000000187f0000,0x00000000188f0000)]
  0x0000000016a7e000 JavaThread "C1 CompilerThread2" daemon [_thread_blocked, id=10684, stack(0x00000000182f0000,0x00000000183f0000)]
  0x0000000016a7a800 JavaThread "C2 CompilerThread1" daemon [_thread_in_native, id=16472, stack(0x00000000181f0000,0x00000000182f0000)]
=>0x0000000016a75800 JavaThread "C2 CompilerThread0" daemon [_thread_in_native, id=15288, stack(0x00000000180f0000,0x00000000181f0000)]
  0x0000000016a74000 JavaThread "Attach Listener" daemon [_thread_blocked, id=2792, stack(0x0000000017ff0000,0x00000000180f0000)]
  0x0000000016a73000 JavaThread "Signal Dispatcher" daemon [_thread_blocked, id=13644, stack(0x0000000017ef0000,0x0000000017ff0000)]
  0x00000000030fb000 JavaThread "Finalizer" daemon [_thread_blocked, id=7096, stack(0x0000000017ce0000,0x0000000017de0000)]
  0x0000000016a59000 JavaThread "Reference Handler" daemon [_thread_blocked, id=3556, stack(0x0000000017be0000,0x0000000017ce0000)]
  0x0000000002ffe000 JavaThread "main" [_thread_blocked, id=11340, stack(0x0000000002e60000,0x0000000002f60000)]

Other Threads:
  0x0000000016a36800 VMThread [stack: 0x0000000017ae0000,0x0000000017be0000] [id=10292]
  0x000000001842a000 WatcherThread [stack: 0x00000000188f0000,0x00000000189f0000] [id=12272]

VM state:not at safepoint (normal execution)

VM Mutex/Monitor currently owned by a thread: None

heap address: 0x00000000a0000000, size: 1536 MB, Compressed Oops mode: 32-bit
Narrow klass base: 0x0000000000000000, Narrow klass shift: 3
Compressed class space size: 1073741824 Address: 0x0000000100000000

Heap:
 PSYoungGen      total 400896K, used 223583K [0x00000000e0000000, 0x0000000100000000, 0x0000000100000000)
  eden space 319488K, 44% used [0x00000000e0000000,0x00000000e8ade420,0x00000000f3800000)
  from space 81408K, 99% used [0x00000000f3800000,0x00000000f87799e0,0x00000000f8780000)
  to   space 98816K, 0% used [0x00000000f9f80000,0x00000000f9f80000,0x0000000100000000)
 ParOldGen       total 241152K, used 205016K [0x00000000a0000000, 0x00000000aeb80000, 0x00000000e0000000)
  object space 241152K, 85% used [0x00000000a0000000,0x00000000ac836170,0x00000000aeb80000)
 Metaspace       used 95135K, capacity 100138K, committed 100440K, reserved 1136640K
  class space    used 12165K, capacity 13062K, committed 13144K, reserved 1048576K

Card table byte_map: [0x00000000124c0000,0x00000000127d0000] byte_map_base: 0x0000000011fc0000

Marking Bits: (ParMarkBitMap*) 0x000000006d109f30
 Begin Bits: [0x0000000012dd0000, 0x00000000145d0000)
 End Bits:   [0x00000000145d0000, 0x0000000015dd0000)

Polling page: 0x00000000014a0000

CodeCache: size=245760Kb used=66327Kb max_used=69422Kb free=179432Kb
 bounds [0x0000000003100000, 0x0000000007570000, 0x0000000012100000]
 total_blobs=19135 nmethods=18228 adapters=817
 compilation: enabled

Compilation events (10 events):
Event: 25272.493 Thread 0x0000000016a7a800 nmethod 23921 0x000000000723c010 code [0x000000000723c660, 0x0000000007240390]
Event: 25272.493 Thread 0x0000000016a7a800 23933       4       com.google.common.collect.ImmutableSortedMap::naturalOrder (11 bytes)
Event: 25272.497 Thread 0x0000000016a7a800 nmethod 23933 0x0000000003bddf90 code [0x0000000003bde100, 0x0000000003bde378]
Event: 25272.497 Thread 0x0000000016a7a800 23932       4       org.gradle.api.internal.artifacts.transform.DefaultTransformerInvoker::lambda$doTransform$0 (40 bytes)
Event: 25272.501 Thread 0x0000000016a7a800 nmethod 23932 0x0000000004c39a90 code [0x0000000004c39c00, 0x0000000004c39de8]
Event: 25272.508 Thread 0x0000000016a75800 nmethod 23930 0x0000000006e1d850 code [0x0000000006e1dac0, 0x0000000006e1ec40]
Event: 25272.512 Thread 0x0000000016a7e000 23935       3       com.sun.org.apache.xerces.internal.impl.XMLDocumentFragmentScannerImpl::getFeatureDefault (36 bytes)
Event: 25272.513 Thread 0x0000000016a7e000 nmethod 23935 0x00000000056780d0 code [0x0000000005678260, 0x00000000056785c8]
Event: 25272.515 Thread 0x0000000016a7a800 23936       4       com.sun.org.apache.xerces.internal.impl.XMLNSDocumentScannerImpl::scanStartElement (1026 bytes)
Event: 25272.516 Thread 0x0000000016a75800 23937       4       com.sun.org.apache.xerces.internal.impl.XMLNSDocumentScannerImpl::scanAttribute (824 bytes)

GC Heap History (10 events):
Event: 23546.886 GC heap before
{Heap before GC invocations=27 (full 4):
 PSYoungGen      total 278528K, used 278052K [0x00000000e0000000, 0x00000000f9080000, 0x0000000100000000)
  eden space 248320K, 100% used [0x00000000e0000000,0x00000000ef280000,0x00000000ef280000)
  from space 30208K, 98% used [0x00000000f7300000,0x00000000f9009190,0x00000000f9080000)
  to   space 80384K, 0% used [0x00000000ef380000,0x00000000ef380000,0x00000000f4200000)
 ParOldGen       total 241152K, used 188805K [0x00000000a0000000, 0x00000000aeb80000, 0x00000000e0000000)
  object space 241152K, 78% used [0x00000000a0000000,0x00000000ab861728,0x00000000aeb80000)
 Metaspace       used 90974K, capacity 94994K, committed 95064K, reserved 1132544K
  class space    used 11773K, capacity 12592K, committed 12632K, reserved 1048576K
Event: 23547.360 GC heap after
Heap after GC invocations=27 (full 4):
 PSYoungGen      total 329728K, used 60798K [0x00000000e0000000, 0x00000000fc480000, 0x0000000100000000)
  eden space 249344K, 0% used [0x00000000e0000000,0x00000000e0000000,0x00000000ef380000)
  from space 80384K, 75% used [0x00000000ef380000,0x00000000f2edf808,0x00000000f4200000)
  to   space 86016K, 0% used [0x00000000f7080000,0x00000000f7080000,0x00000000fc480000)
 ParOldGen       total 241152K, used 188805K [0x00000000a0000000, 0x00000000aeb80000, 0x00000000e0000000)
  object space 241152K, 78% used [0x00000000a0000000,0x00000000ab861728,0x00000000aeb80000)
 Metaspace       used 90974K, capacity 94994K, committed 95064K, reserved 1132544K
  class space    used 11773K, capacity 12592K, committed 12632K, reserved 1048576K
}
Event: 25216.566 GC heap before
{Heap before GC invocations=28 (full 4):
 PSYoungGen      total 329728K, used 310142K [0x00000000e0000000, 0x00000000fc480000, 0x0000000100000000)
  eden space 249344K, 100% used [0x00000000e0000000,0x00000000ef380000,0x00000000ef380000)
  from space 80384K, 75% used [0x00000000ef380000,0x00000000f2edf808,0x00000000f4200000)
  to   space 86016K, 0% used [0x00000000f7080000,0x00000000f7080000,0x00000000fc480000)
 ParOldGen       total 241152K, used 188805K [0x00000000a0000000, 0x00000000aeb80000, 0x00000000e0000000)
  object space 241152K, 78% used [0x00000000a0000000,0x00000000ab861728,0x00000000aeb80000)
 Metaspace       used 91266K, capacity 95570K, committed 95704K, reserved 1132544K
  class space    used 11813K, capacity 12666K, committed 12760K, reserved 1048576K
Event: 25216.636 GC heap after
Heap after GC invocations=28 (full 4):
 PSYoungGen      total 356864K, used 32849K [0x00000000e0000000, 0x00000000fb600000, 0x0000000100000000)
  eden space 285696K, 0% used [0x00000000e0000000,0x00000000e0000000,0x00000000f1700000)
  from space 71168K, 46% used [0x00000000f7080000,0x00000000f9094738,0x00000000fb600000)
  to   space 81408K, 0% used [0x00000000f1700000,0x00000000f1700000,0x00000000f6680000)
 ParOldGen       total 241152K, used 188813K [0x00000000a0000000, 0x00000000aeb80000, 0x00000000e0000000)
  object space 241152K, 78% used [0x00000000a0000000,0x00000000ab863728,0x00000000aeb80000)
 Metaspace       used 91266K, capacity 95570K, committed 95704K, reserved 1132544K
  class space    used 11813K, capacity 12666K, committed 12760K, reserved 1048576K
}
Event: 25243.217 GC heap before
{Heap before GC invocations=29 (full 4):
 PSYoungGen      total 356864K, used 318545K [0x00000000e0000000, 0x00000000fb600000, 0x0000000100000000)
  eden space 285696K, 100% used [0x00000000e0000000,0x00000000f1700000,0x00000000f1700000)
  from space 71168K, 46% used [0x00000000f7080000,0x00000000f9094738,0x00000000fb600000)
  to   space 81408K, 0% used [0x00000000f1700000,0x00000000f1700000,0x00000000f6680000)
 ParOldGen       total 241152K, used 188813K [0x00000000a0000000, 0x00000000aeb80000, 0x00000000e0000000)
  object space 241152K, 78% used [0x00000000a0000000,0x00000000ab863728,0x00000000aeb80000)
 Metaspace       used 93911K, capacity 98474K, committed 98776K, reserved 1134592K
  class space    used 12087K, capacity 12938K, committed 13016K, reserved 1048576K
Event: 25243.539 GC heap after
Heap after GC invocations=29 (full 4):
 PSYoungGen      total 367104K, used 56282K [0x00000000e0000000, 0x00000000fda00000, 0x0000000100000000)
  eden space 285696K, 0% used [0x00000000e0000000,0x00000000e0000000,0x00000000f1700000)
  from space 81408K, 69% used [0x00000000f1700000,0x00000000f4df6a88,0x00000000f6680000)
  to   space 84480K, 0% used [0x00000000f8780000,0x00000000f8780000,0x00000000fda00000)
 ParOldGen       total 241152K, used 188821K [0x00000000a0000000, 0x00000000aeb80000, 0x00000000e0000000)
  object space 241152K, 78% used [0x00000000a0000000,0x00000000ab865728,0x00000000aeb80000)
 Metaspace       used 93911K, capacity 98474K, committed 98776K, reserved 1134592K
  class space    used 12087K, capacity 12938K, committed 13016K, reserved 1048576K
}
Event: 25249.575 GC heap before
{Heap before GC invocations=30 (full 4):
 PSYoungGen      total 367104K, used 341978K [0x00000000e0000000, 0x00000000fda00000, 0x0000000100000000)
  eden space 285696K, 100% used [0x00000000e0000000,0x00000000f1700000,0x00000000f1700000)
  from space 81408K, 69% used [0x00000000f1700000,0x00000000f4df6a88,0x00000000f6680000)
  to   space 84480K, 0% used [0x00000000f8780000,0x00000000f8780000,0x00000000fda00000)
 ParOldGen       total 241152K, used 188821K [0x00000000a0000000, 0x00000000aeb80000, 0x00000000e0000000)
  object space 241152K, 78% used [0x00000000a0000000,0x00000000ab865728,0x00000000aeb80000)
 Metaspace       used 94722K, capacity 99482K, committed 99544K, reserved 1136640K
  class space    used 12117K, capacity 12996K, committed 13016K, reserved 1048576K
Event: 25249.772 GC heap after
Heap after GC invocations=30 (full 4):
 PSYoungGen      total 403968K, used 42177K [0x00000000e0000000, 0x00000000fda80000, 0x0000000100000000)
  eden space 319488K, 0% used [0x00000000e0000000,0x00000000e0000000,0x00000000f3800000)
  from space 84480K, 49% used [0x00000000f8780000,0x00000000fb0b0700,0x00000000fda00000)
  to   space 81408K, 0% used [0x00000000f3800000,0x00000000f3800000,0x00000000f8780000)
 ParOldGen       total 241152K, used 188829K [0x00000000a0000000, 0x00000000aeb80000, 0x00000000e0000000)
  object space 241152K, 78% used [0x00000000a0000000,0x00000000ab867728,0x00000000aeb80000)
 Metaspace       used 94722K, capacity 99482K, committed 99544K, reserved 1136640K
  class space    used 12117K, capacity 12996K, committed 13016K, reserved 1048576K
}
Event: 25254.576 GC heap before
{Heap before GC invocations=31 (full 4):
 PSYoungGen      total 403968K, used 361665K [0x00000000e0000000, 0x00000000fda80000, 0x0000000100000000)
  eden space 319488K, 100% used [0x00000000e0000000,0x00000000f3800000,0x00000000f3800000)
  from space 84480K, 49% used [0x00000000f8780000,0x00000000fb0b0700,0x00000000fda00000)
  to   space 81408K, 0% used [0x00000000f3800000,0x00000000f3800000,0x00000000f8780000)
 ParOldGen       total 241152K, used 188829K [0x00000000a0000000, 0x00000000aeb80000, 0x00000000e0000000)
  object space 241152K, 78% used [0x00000000a0000000,0x00000000ab867728,0x00000000aeb80000)
 Metaspace       used 94782K, capacity 99576K, committed 99800K, reserved 1136640K
  class space    used 12120K, capacity 13001K, committed 13016K, reserved 1048576K
Event: 25255.195 GC heap after
Heap after GC invocations=31 (full 4):
 PSYoungGen      total 400896K, used 81382K [0x00000000e0000000, 0x0000000100000000, 0x0000000100000000)
  eden space 319488K, 0% used [0x00000000e0000000,0x00000000e0000000,0x00000000f3800000)
  from space 81408K, 99% used [0x00000000f3800000,0x00000000f87799e0,0x00000000f8780000)
  to   space 98816K, 0% used [0x00000000f9f80000,0x00000000f9f80000,0x0000000100000000)
 ParOldGen       total 241152K, used 205016K [0x00000000a0000000, 0x00000000aeb80000, 0x00000000e0000000)
  object space 241152K, 85% used [0x00000000a0000000,0x00000000ac836170,0x00000000aeb80000)
 Metaspace       used 94782K, capacity 99576K, committed 99800K, reserved 1136640K
  class space    used 12120K, capacity 13001K, committed 13016K, reserved 1048576K
}

Deoptimization events (10 events):
Event: 25272.496 Thread 0x000000001e1c7800 Uncommon trap: reason=class_check action=maybe_recompile pc=0x000000000512b0d4 method=org.gradle.internal.fingerprint.classpath.impl.ClasspathFingerprintingStrategy$ClasspathContentFingerprintingVisitor.visitFile(Lorg/gradle/internal/snapshot/FileSystemLo
Event: 25272.498 Thread 0x000000001e1c7800 Uncommon trap: reason=unstable_if action=reinterpret pc=0x00000000053a3090 method=org.gradle.internal.operations.DefaultBuildOperationExecutor$3.stop()V @ 61
Event: 25272.501 Thread 0x000000001e1c7800 Uncommon trap: reason=unstable_if action=reinterpret pc=0x0000000005c72570 method=com.google.common.util.concurrent.AbstractFuture.getDoneValue(Ljava/lang/Object;)Ljava/lang/Object; @ 24
Event: 25272.501 Thread 0x000000001e1c7800 Uncommon trap: reason=unloaded action=reinterpret pc=0x00000000059102e4 method=com.google.common.cache.LocalCache$Segment.get(Ljava/lang/Object;ILcom/google/common/cache/CacheLoader;)Ljava/lang/Object; @ 188
Event: 25272.503 Thread 0x000000001e1c7800 Uncommon trap: reason=unstable_if action=reinterpret pc=0x00000000053a3090 method=org.gradle.internal.operations.DefaultBuildOperationExecutor$3.stop()V @ 61
Event: 25272.510 Thread 0x000000001e1d1800 Uncommon trap: reason=class_check action=maybe_recompile pc=0x000000000512b0d4 method=org.gradle.internal.fingerprint.classpath.impl.ClasspathFingerprintingStrategy$ClasspathContentFingerprintingVisitor.visitFile(Lorg/gradle/internal/snapshot/FileSystemLo
Event: 25272.510 Thread 0x000000001e1d1800 Uncommon trap: reason=unstable_if action=reinterpret pc=0x00000000053a3090 method=org.gradle.internal.operations.DefaultBuildOperationExecutor$3.stop()V @ 61
Event: 25272.510 Thread 0x000000001e1d1800 Uncommon trap: reason=unstable_if action=reinterpret pc=0x0000000005c66af0 method=com.google.common.util.concurrent.AbstractFuture.getDoneValue(Ljava/lang/Object;)Ljava/lang/Object; @ 24
Event: 25272.510 Thread 0x000000001e1d1800 Uncommon trap: reason=unloaded action=reinterpret pc=0x00000000059102e4 method=com.google.common.cache.LocalCache$Segment.get(Ljava/lang/Object;ILcom/google/common/cache/CacheLoader;)Ljava/lang/Object; @ 188
Event: 25272.510 Thread 0x000000001e1d1800 Uncommon trap: reason=unstable_if action=reinterpret pc=0x00000000053a3090 method=org.gradle.internal.operations.DefaultBuildOperationExecutor$3.stop()V @ 61

Classes redefined (0 events):
No events

Internal exceptions (10 events):
Event: 25252.090 Thread 0x000000001bbf0000 Exception <a 'sun/nio/fs/WindowsException'> (0x00000000e7c44448) thrown at [D:\src\AOSP-openjdk-cygwin\jdk8u\hotspot\src\share\vm\prims\jni.cpp, line 710]
Event: 25252.094 Thread 0x000000001bbf0000 Exception <a 'sun/nio/fs/WindowsException'> (0x00000000e7ca3f28) thrown at [D:\src\AOSP-openjdk-cygwin\jdk8u\hotspot\src\share\vm\prims\jni.cpp, line 710]
Event: 25252.097 Thread 0x000000001bbf0000 Exception <a 'sun/nio/fs/WindowsException'> (0x00000000e7cebfc8) thrown at [D:\src\AOSP-openjdk-cygwin\jdk8u\hotspot\src\share\vm\prims\jni.cpp, line 710]
Event: 25252.540 Thread 0x00000000207c9000 Exception <a 'sun/nio/fs/WindowsException'> (0x00000000e89a5c60) thrown at [D:\src\AOSP-openjdk-cygwin\jdk8u\hotspot\src\share\vm\prims\jni.cpp, line 710]
Event: 25255.704 Thread 0x000000001bbfc800 Exception <a 'sun/nio/fs/WindowsException'> (0x00000000e3332aa8) thrown at [D:\src\AOSP-openjdk-cygwin\jdk8u\hotspot\src\share\vm\prims\jni.cpp, line 710]
Event: 25255.868 Thread 0x00000000207ca800 Exception <a 'java/lang/NoSuchMethodError': java.lang.Object.lambda$asRunnable$0(Lcom/android/tools/build/apkzlib/utils/IOExceptionRunnable;)V> (0x00000000e38f1e88) thrown at [D:\src\AOSP-openjdk-cygwin\jdk8u\hotspot\src\share\vm\interpreter\linkResolver.
Event: 25256.625 Thread 0x000000001e1c7800 Exception <a 'sun/nio/fs/WindowsException'> (0x00000000e49adf60) thrown at [D:\src\AOSP-openjdk-cygwin\jdk8u\hotspot\src\share\vm\prims\jni.cpp, line 710]
Event: 25271.059 Thread 0x000000001e1c7800 Exception <a 'sun/nio/fs/WindowsException'> (0x00000000e59a4ae8) thrown at [D:\src\AOSP-openjdk-cygwin\jdk8u\hotspot\src\share\vm\prims\jni.cpp, line 710]
Event: 25272.397 Thread 0x000000001e1d1800 Exception <a 'sun/nio/fs/WindowsException'> (0x00000000e866dde8) thrown at [D:\src\AOSP-openjdk-cygwin\jdk8u\hotspot\src\share\vm\prims\jni.cpp, line 710]
Event: 25272.402 Thread 0x000000001e1d1800 Exception <a 'sun/nio/fs/WindowsException'> (0x00000000e866f088) thrown at [D:\src\AOSP-openjdk-cygwin\jdk8u\hotspot\src\share\vm\prims\jni.cpp, line 710]

Events (10 events):
Event: 25272.510 Thread 0x000000001e1d1800 DEOPT UNPACKING pc=0x000000000314557b sp=0x0000000024c1d9e0 mode 2
Event: 25272.510 Thread 0x000000001e1d1800 Uncommon trap: trap_request=0xffffff65 fr.pc=0x0000000005c66af0
Event: 25272.510 Thread 0x000000001e1d1800 DEOPT PACKING pc=0x0000000005c66af0 sp=0x0000000024c1dfd0
Event: 25272.510 Thread 0x000000001e1d1800 DEOPT UNPACKING pc=0x000000000314557b sp=0x0000000024c1de60 mode 2
Event: 25272.510 Thread 0x000000001e1d1800 Uncommon trap: trap_request=0x00000048 fr.pc=0x00000000059102e4
Event: 25272.510 Thread 0x000000001e1d1800 DEOPT PACKING pc=0x00000000059102e4 sp=0x0000000024c1e180
Event: 25272.510 Thread 0x000000001e1d1800 DEOPT UNPACKING pc=0x000000000314557b sp=0x0000000024c1e128 mode 2
Event: 25272.510 Thread 0x000000001e1d1800 Uncommon trap: trap_request=0xffffff65 fr.pc=0x00000000053a3090
Event: 25272.510 Thread 0x000000001e1d1800 DEOPT PACKING pc=0x00000000053a3090 sp=0x0000000024c1e7f0
Event: 25272.510 Thread 0x000000001e1d1800 DEOPT UNPACKING pc=0x000000000314557b sp=0x0000000024c1e700 mode 2


Dynamic libraries:
0x00007ff7f8270000 - 0x00007ff7f82a1000 	C:\Program Files\Android\Android Studio\jre\bin\java.exe
0x00007ff87f140000 - 0x00007ff87f330000 	C:\WINDOWS\SYSTEM32\ntdll.dll
0x00007ff86fd70000 - 0x00007ff86fd83000 	C:\Program Files\AVAST Software\Avast\aswhook.dll
0x00007ff87d1f0000 - 0x00007ff87d2a2000 	C:\WINDOWS\System32\KERNEL32.DLL
0x00007ff87c0f0000 - 0x00007ff87c393000 	C:\WINDOWS\System32\KERNELBASE.dll
0x00007ff87db00000 - 0x00007ff87dba3000 	C:\WINDOWS\System32\ADVAPI32.dll
0x00007ff87eaa0000 - 0x00007ff87eb3e000 	C:\WINDOWS\System32\msvcrt.dll
0x00007ff87d890000 - 0x00007ff87d927000 	C:\WINDOWS\System32\sechost.dll
0x00007ff87e980000 - 0x00007ff87eaa0000 	C:\WINDOWS\System32\RPCRT4.dll
0x00007ff87dbb0000 - 0x00007ff87dd44000 	C:\WINDOWS\System32\USER32.dll
0x00007ff87c530000 - 0x00007ff87c551000 	C:\WINDOWS\System32\win32u.dll
0x00007ff87d7b0000 - 0x00007ff87d7d6000 	C:\WINDOWS\System32\GDI32.dll
0x00007ff87d020000 - 0x00007ff87d1b4000 	C:\WINDOWS\System32\gdi32full.dll
0x00007ff87c7b0000 - 0x00007ff87c84e000 	C:\WINDOWS\System32\msvcp_win.dll
0x00007ff87c560000 - 0x00007ff87c65a000 	C:\WINDOWS\System32\ucrtbase.dll
0x00007ff870180000 - 0x00007ff870405000 	C:\WINDOWS\WinSxS\amd64_microsoft.windows.common-controls_6595b64144ccf1df_6.0.18362.778_none_e6c6b761130d4fb8\COMCTL32.dll
0x00007ff87ecf0000 - 0x00007ff87f026000 	C:\WINDOWS\System32\combase.dll
0x00007ff87c450000 - 0x00007ff87c4d0000 	C:\WINDOWS\System32\bcryptPrimitives.dll
0x00007ff87d9a0000 - 0x00007ff87d9ce000 	C:\WINDOWS\System32\IMM32.DLL
0x000000006c780000 - 0x000000006c852000 	C:\Program Files\Android\Android Studio\jre\jre\bin\msvcr100.dll
0x000000006c940000 - 0x000000006d186000 	C:\Program Files\Android\Android Studio\jre\jre\bin\server\jvm.dll
0x00007ff87d930000 - 0x00007ff87d938000 	C:\WINDOWS\System32\PSAPI.DLL
0x00007ff86fcf0000 - 0x00007ff86fcf9000 	C:\WINDOWS\SYSTEM32\WSOCK32.dll
0x00007ff87d9d0000 - 0x00007ff87da3f000 	C:\WINDOWS\System32\WS2_32.dll
0x00007ff879fb0000 - 0x00007ff879fd4000 	C:\WINDOWS\SYSTEM32\WINMM.dll
0x00007ff872af0000 - 0x00007ff872afa000 	C:\WINDOWS\SYSTEM32\VERSION.dll
0x00007ff879b30000 - 0x00007ff879b5d000 	C:\WINDOWS\SYSTEM32\WINMMBASE.dll
0x00007ff87cfd0000 - 0x00007ff87d01a000 	C:\WINDOWS\System32\cfgmgr32.dll
0x00007ff865f10000 - 0x00007ff865f1f000 	C:\Program Files\Android\Android Studio\jre\jre\bin\verify.dll
0x00007ff85a9e0000 - 0x00007ff85aa09000 	C:\Program Files\Android\Android Studio\jre\jre\bin\java.dll
0x00007ff865c90000 - 0x00007ff865ca6000 	C:\Program Files\Android\Android Studio\jre\jre\bin\zip.dll
0x00007ff87dd50000 - 0x00007ff87e435000 	C:\WINDOWS\System32\SHELL32.dll
0x00007ff87d670000 - 0x00007ff87d719000 	C:\WINDOWS\System32\shcore.dll
0x00007ff87c850000 - 0x00007ff87cfd0000 	C:\WINDOWS\System32\windows.storage.dll
0x00007ff87c010000 - 0x00007ff87c033000 	C:\WINDOWS\System32\profapi.dll
0x00007ff87c040000 - 0x00007ff87c08a000 	C:\WINDOWS\System32\powrprof.dll
0x00007ff87c000000 - 0x00007ff87c010000 	C:\WINDOWS\System32\UMPDC.dll
0x00007ff87daa0000 - 0x00007ff87daf2000 	C:\WINDOWS\System32\shlwapi.dll
0x00007ff87c0b0000 - 0x00007ff87c0c1000 	C:\WINDOWS\System32\kernel.appcore.dll
0x00007ff87c0d0000 - 0x00007ff87c0e7000 	C:\WINDOWS\System32\cryptsp.dll
0x00007ff85aa30000 - 0x00007ff85aa4a000 	C:\Program Files\Android\Android Studio\jre\jre\bin\net.dll
0x00007ff86f6d0000 - 0x00007ff86f8a5000 	C:\WINDOWS\SYSTEM32\urlmon.dll
0x00007ff86f400000 - 0x00007ff86f6a6000 	C:\WINDOWS\SYSTEM32\iertutil.dll
0x00007ff87baf0000 - 0x00007ff87bafc000 	C:\WINDOWS\SYSTEM32\CRYPTBASE.DLL
0x00007ff87b810000 - 0x00007ff87b877000 	C:\WINDOWS\system32\mswsock.dll
0x00007ff85a9b0000 - 0x00007ff85a9c3000 	C:\Program Files\Android\Android Studio\jre\jre\bin\nio.dll
0x00007ff86fdc0000 - 0x00007ff86fde6000 	C:\Users\A1ex\.gradle\native\30\windows-amd64\native-platform.dll
0x00007ff85a9a0000 - 0x00007ff85a9ad000 	C:\Program Files\Android\Android Studio\jre\jre\bin\management.dll
0x00007ff87b380000 - 0x00007ff87b3b3000 	C:\WINDOWS\system32\rsaenh.dll
0x00007ff87d1c0000 - 0x00007ff87d1e6000 	C:\WINDOWS\System32\bcrypt.dll
0x00007ff87bef0000 - 0x00007ff87bf15000 	C:\WINDOWS\SYSTEM32\USERENV.dll
0x00007ff87b520000 - 0x00007ff87b55a000 	C:\WINDOWS\SYSTEM32\IPHLPAPI.DLL
0x00007ff87d660000 - 0x00007ff87d668000 	C:\WINDOWS\System32\NSI.dll
0x00007ff872520000 - 0x00007ff872536000 	C:\WINDOWS\SYSTEM32\dhcpcsvc6.DLL
0x00007ff872300000 - 0x00007ff87231c000 	C:\WINDOWS\SYSTEM32\dhcpcsvc.DLL
0x00007ff87b560000 - 0x00007ff87b62a000 	C:\WINDOWS\SYSTEM32\DNSAPI.dll
0x00007ff853270000 - 0x00007ff853294000 	C:\Program Files\Android\Android Studio\jre\jre\bin\sunec.dll
0x00007ff870f30000 - 0x00007ff870f3a000 	C:\Windows\System32\rasadhlp.dll
0x00007ff8720d0000 - 0x00007ff872147000 	C:\WINDOWS\System32\fwpuclnt.dll
0x00007ff878860000 - 0x00007ff87886b000 	C:\Program Files\Android\Android Studio\jre\jre\bin\sunmscapi.dll
0x00007ff87c660000 - 0x00007ff87c7a9000 	C:\WINDOWS\System32\CRYPT32.dll
0x00007ff87c090000 - 0x00007ff87c0a2000 	C:\WINDOWS\System32\MSASN1.dll
0x00007ff87b060000 - 0x00007ff87b091000 	C:\WINDOWS\SYSTEM32\ntmarta.dll

VM Arguments:
jvm_args: -Xmx1536m -Dfile.encoding=windows-1251 -Duser.country=RU -Duser.language=ru -Duser.variant 
java_command: org.gradle.launcher.daemon.bootstrap.GradleDaemon 5.6.4
java_class_path (initial): C:\Users\A1ex\.gradle\wrapper\dists\gradle-5.6.4-all\ankdp27end7byghfw1q2sw75f\gradle-5.6.4\lib\gradle-launcher-5.6.4.jar
Launcher Type: SUN_STANDARD

Environment Variables:
JAVA_HOME=c:\Program Files\Java\jdk1.8.0_131\
PATH=C:\ProgramData\Oracle\Java\javapath;C:\Program Files (x86)\NVIDIA Corporation\PhysX\Common;C:\WINDOWS\system32;C:\WINDOWS;C:\WINDOWS\System32\Wbem;C:\WINDOWS\System32\WindowsPowerShell\v1.0\;C:\Program Files (x86)\Common Files\Adobe\AGL;C:\WINDOWS\System32\OpenSSH\;C:\Program Files\Intel\WiFi\bin\;C:\Program Files\Common Files\Intel\WirelessCommon\;I:\Git\cmd;C:\Users\A1ex\AppData\Local\Microsoft\WindowsApps;C:\Program Files\Intel\WiFi\bin\;C:\Program Files\Common Files\Intel\WirelessCommon\;e:\Android\Android\Sdk\\tools;e:\Android\Android\Sdk\\platform-tools;
USERNAME=A1ex
OS=Windows_NT
PROCESSOR_IDENTIFIER=Intel64 Family 6 Model 58 Stepping 9, GenuineIntel



---------------  S Y S T E M  ---------------

OS: Windows 10.0 , 64 bit Build 18362 (10.0.18362.778)

CPU:total 4 (initial active 4) (2 cores per cpu, 2 threads per core) family 6 model 58 stepping 9, cmov, cx8, fxsr, mmx, sse, sse2, sse3, ssse3, sse4.1, sse4.2, popcnt, avx, clmul, erms, ht, tsc, tscinvbit, tscinv

Memory: 4k page, physical 8278376k(494328k free), swap 10375528k(296k free)

vm_info: OpenJDK 64-Bit Server VM (25.212-b04) for windows-amd64 JRE (1.8.0_212-release-1586-b04), built by "builder" with MS VC++ 10.0 (VS2010)

time: Mon May 04 16:39:32 2020
timezone: Финляндия (лето)
elapsed time: 25272 seconds (0d 7h 1m 12s)

