#
# There is insufficient memory for the Java Runtime Environment to continue.
# Native memory allocation (malloc) failed to allocate 2132656 bytes for Chunk::new
# Possible reasons:
#   The system is out of physical RAM or swap space
#   The process is running with CompressedOops enabled, and the Java Heap may be blocking the growth of the native heap
# Possible solutions:
#   Reduce memory load on the system
#   Increase physical memory or swap space
#   Check if swap backing store is full
#   Decrease Java heap size (-Xmx/-Xms)
#   Decrease number of Java threads
#   Decrease Java thread stack sizes (-Xss)
#   Set larger code cache with -XX:ReservedCodeCacheSize=
#   JVM is running with Unscaled Compressed Oops mode in which the Java heap is
#     placed in the first 4GB address space. The Java Heap base address is the
#     maximum limit for the native heap growth. Please use -XX:HeapBaseMinAddress
#     to set the Java Heap base and to place the Java Heap above 4GB virtual address.
# This output file may be truncated or incomplete.
#
#  Out of Memory Error (allocation.cpp:389), pid=9152, tid=0x0000000000001d78
#
# JRE version: OpenJDK Runtime Environment (8.0_212-b04) (build 1.8.0_212-release-1586-b04)
# Java VM: OpenJDK 64-Bit Server VM (25.212-b04 mixed mode windows-amd64 compressed oops)
# Failed to write core dump. Minidumps are not enabled by default on client versions of Windows
#

---------------  T H R E A D  ---------------

Current thread (0x0000000016643000):  JavaThread "C2 CompilerThread1" daemon [_thread_in_native, id=7544, stack(0x0000000017d90000,0x0000000017e90000)]

Stack: [0x0000000017d90000,0x0000000017e90000]
[error occurred during error reporting (printing stack bounds), id 0xc0000005]

Native frames: (J=compiled Java code, j=interpreted, Vv=VM code, C=native code)


Current CompileTask:
C2:3219172 23374       4       com.android.tools.r8.ir.regalloc.LinearScanRegisterAllocator::a (3993 bytes)


---------------  P R O C E S S  ---------------

Java Threads: ( => current thread )
  0x000000001f82d000 JavaThread "WorkerExecutor Queue Thread 4" [_thread_blocked, id=13716, stack(0x000000002c790000,0x000000002c890000)]
  0x000000001f82c000 JavaThread "WorkerExecutor Queue Thread 3" [_thread_in_native, id=14428, stack(0x000000002c690000,0x000000002c790000)]
  0x000000001f833000 JavaThread "WorkerExecutor Queue Thread 2" [_thread_blocked, id=14264, stack(0x0000000029ab0000,0x0000000029bb0000)]
  0x000000001f831800 JavaThread "WorkerExecutor Queue" [_thread_blocked, id=4900, stack(0x00000000293b0000,0x00000000294b0000)]
  0x000000001f830800 JavaThread "Cache worker for Java compile cache (C:\Users\A1ex\AndroidStudioProjects\Terminal_v2\.gradle\5.6.4\javaCompile)" [_thread_blocked, id=17136, stack(0x0000000027ae0000,0x0000000027be0000)]
  0x000000001f82b800 JavaThread "Cache worker for execution history cache (C:\Users\A1ex\AndroidStudioProjects\Terminal_v2\.gradle\5.6.4\executionHistory)" [_thread_blocked, id=4612, stack(0x0000000025740000,0x0000000025840000)]
  0x000000001f832000 JavaThread "Execution worker for ':' Thread 3" [_thread_blocked, id=12420, stack(0x0000000024400000,0x0000000024500000)]
  0x000000001f830000 JavaThread "Execution worker for ':' Thread 2" [_thread_blocked, id=15416, stack(0x0000000024300000,0x0000000024400000)]
  0x000000001f823800 JavaThread "Execution worker for ':'" [_thread_blocked, id=912, stack(0x0000000024200000,0x0000000024300000)]
  0x000000001f825000 JavaThread "Cache worker for file content cache (C:\Users\A1ex\AndroidStudioProjects\Terminal_v2\.gradle\5.6.4\fileContent)" [_thread_blocked, id=1652, stack(0x0000000023d00000,0x0000000023e00000)]
  0x000000001f828800 JavaThread "Cache worker for Build Output Cleanup Cache (C:\Users\A1ex\AndroidStudioProjects\Terminal_v2\.gradle\buildOutputCleanup)" [_thread_blocked, id=2300, stack(0x0000000023a00000,0x0000000023b00000)]
  0x000000001b89c800 JavaThread "pool-14-thread-1" [_thread_blocked, id=3684, stack(0x0000000023040000,0x0000000023140000)]
  0x000000001b89b800 JavaThread "Build operations Thread 4" [_thread_blocked, id=16524, stack(0x0000000022540000,0x0000000022640000)]
  0x000000001b89b000 JavaThread "Build operations Thread 3" [_thread_blocked, id=14840, stack(0x0000000022240000,0x0000000022340000)]
  0x000000001b898800 JavaThread "Build operations Thread 2" [_thread_blocked, id=12352, stack(0x0000000020b10000,0x0000000020c10000)]
  0x000000001b896800 JavaThread "Build operations" [_thread_blocked, id=14708, stack(0x0000000020a10000,0x0000000020b10000)]
  0x000000001b898000 JavaThread "Cache worker for cache directory md-rule (C:\Users\A1ex\.gradle\caches\5.6.4\md-rule)" [_thread_blocked, id=7140, stack(0x0000000020610000,0x0000000020710000)]
  0x000000001b89a000 JavaThread "Cache worker for cache directory md-supplier (C:\Users\A1ex\.gradle\caches\5.6.4\md-supplier)" [_thread_blocked, id=5140, stack(0x000000001ee80000,0x000000001ef80000)]
  0x000000001b88f000 JavaThread "Cache worker for file hash cache (C:\Users\A1ex\AndroidStudioProjects\Terminal_v2\.gradle\5.6.4\fileHashes)" [_thread_blocked, id=12928, stack(0x000000001eb60000,0x000000001ec60000)]
  0x000000001b895800 JavaThread "Thread-169" [_thread_blocked, id=1292, stack(0x000000001aef0000,0x000000001aff0000)]
  0x000000001b895000 JavaThread "Stdin handler" [_thread_blocked, id=10300, stack(0x000000001adf0000,0x000000001aef0000)]
  0x000000001b894000 JavaThread "Asynchronous log dispatcher for DefaultDaemonConnection: socket connection from /127.0.0.1:53332 to /127.0.0.1:54899" [_thread_blocked, id=12060, stack(0x000000001acf0000,0x000000001adf0000)]
  0x000000001b88e000 JavaThread "Daemon worker Thread 7" [_thread_blocked, id=11852, stack(0x000000001abf0000,0x000000001acf0000)]
  0x000000001b892800 JavaThread "Cancel handler" [_thread_blocked, id=17324, stack(0x000000001aaf0000,0x000000001abf0000)]
  0x000000001b88d800 JavaThread "Handler for socket connection from /127.0.0.1:53332 to /127.0.0.1:54899" [_thread_in_native, id=1540, stack(0x000000001a7f0000,0x000000001a8f0000)]
  0x000000001b892000 JavaThread "Daemon Thread 7" [_thread_blocked, id=9532, stack(0x000000001a6f0000,0x000000001a7f0000)]
  0x000000001dd9f000 JavaThread "Cache worker for Java compile cache (C:\Users\A1ex\.gradle\caches\5.6.4\javaCompile)" [_thread_blocked, id=15012, stack(0x00000000279e0000,0x0000000027ae0000)]
  0x000000001f827800 JavaThread "Cache worker for file content cache (C:\Users\A1ex\.gradle\caches\5.6.4\fileContent)" [_thread_blocked, id=15556, stack(0x0000000022f40000,0x0000000023040000)]
  0x000000001f82d800 JavaThread "Memory manager" [_thread_blocked, id=5064, stack(0x0000000022e40000,0x0000000022f40000)]
  0x000000001f824800 JavaThread "Cache worker for execution history cache (C:\Users\A1ex\.gradle\caches\5.6.4\executionHistory)" [_thread_blocked, id=14304, stack(0x0000000020710000,0x0000000020810000)]
  0x0000000018b23000 JavaThread "Cache worker for journal cache (C:\Users\A1ex\.gradle\caches\journal-1)" [_thread_blocked, id=6332, stack(0x000000001b3f0000,0x000000001b4f0000)]
  0x0000000018b20000 JavaThread "File lock request listener" [_thread_in_native, id=6692, stack(0x000000001b2f0000,0x000000001b3f0000)]
  0x0000000018b1f000 JavaThread "Cache worker for file hash cache (C:\Users\A1ex\.gradle\caches\5.6.4\fileHashes)" [_thread_blocked, id=12932, stack(0x000000001b1f0000,0x000000001b2f0000)]
  0x00000000185fd800 JavaThread "Daemon periodic checks" [_thread_blocked, id=15296, stack(0x000000001a5f0000,0x000000001a6f0000)]
  0x000000001815a800 JavaThread "Incoming local TCP Connector on port 53332" [_thread_in_native, id=13140, stack(0x000000001a3a0000,0x000000001a4a0000)]
  0x00000000181ef000 JavaThread "Daemon health stats" [_thread_blocked, id=13540, stack(0x0000000019d60000,0x0000000019e60000)]
  0x0000000016685000 JavaThread "Service Thread" daemon [_thread_blocked, id=14124, stack(0x0000000018390000,0x0000000018490000)]
  0x000000001664b800 JavaThread "C1 CompilerThread2" daemon [_thread_blocked, id=15796, stack(0x0000000017e90000,0x0000000017f90000)]
=>0x0000000016643000 JavaThread "C2 CompilerThread1" daemon [_thread_in_native, id=7544, stack(0x0000000017d90000,0x0000000017e90000)]
  0x0000000016635800 JavaThread "C2 CompilerThread0" daemon [_thread_blocked, id=11972, stack(0x0000000017c90000,0x0000000017d90000)]
  0x0000000016634000 JavaThread "Attach Listener" daemon [_thread_blocked, id=10580, stack(0x0000000017b90000,0x0000000017c90000)]
  0x0000000016633000 JavaThread "Signal Dispatcher" daemon [_thread_blocked, id=724, stack(0x0000000017a90000,0x0000000017b90000)]
  0x0000000002cbb000 JavaThread "Finalizer" daemon [_thread_blocked, id=12076, stack(0x0000000017880000,0x0000000017980000)]
  0x0000000016619000 JavaThread "Reference Handler" daemon [_thread_blocked, id=13624, stack(0x0000000017780000,0x0000000017880000)]
  0x0000000002bbe000 JavaThread "main" [_thread_blocked, id=8820, stack(0x0000000002a30000,0x0000000002b30000)]

Other Threads:
  0x00000000165f6800 VMThread [stack: 0x0000000017680000,0x0000000017780000] [id=10556]
  0x0000000016687800 WatcherThread [stack: 0x0000000018490000,0x0000000018590000] [id=636]

VM state:not at safepoint (normal execution)

VM Mutex/Monitor currently owned by a thread: None

heap address: 0x00000000a0000000, size: 1536 MB, Compressed Oops mode: 32-bit
Narrow klass base: 0x0000000000000000, Narrow klass shift: 3
Compressed class space size: 1073741824 Address: 0x0000000100000000

Heap:
 PSYoungGen      total 345600K, used 280795K [0x00000000e0000000, 0x00000000fc380000, 0x0000000100000000)
  eden space 249344K, 95% used [0x00000000e0000000,0x00000000ee8a1120,0x00000000ef380000)
  from space 96256K, 44% used [0x00000000f6580000,0x00000000f8f15be0,0x00000000fc380000)
  to   space 106496K, 0% used [0x00000000ef380000,0x00000000ef380000,0x00000000f5b80000)
 ParOldGen       total 290304K, used 209775K [0x00000000a0000000, 0x00000000b1b80000, 0x00000000e0000000)
  object space 290304K, 72% used [0x00000000a0000000,0x00000000accdbd00,0x00000000b1b80000)
 Metaspace       used 92097K, capacity 96926K, committed 97240K, reserved 1134592K
  class space    used 11778K, capacity 12690K, committed 12760K, reserved 1048576K

Card table byte_map: [0x0000000012080000,0x0000000012390000] byte_map_base: 0x0000000011b80000

Marking Bits: (ParMarkBitMap*) 0x000000006dd19f30
 Begin Bits: [0x0000000012990000, 0x0000000014190000)
 End Bits:   [0x0000000014190000, 0x0000000015990000)

Polling page: 0x00000000011a0000

CodeCache: size=245760Kb used=65693Kb max_used=65738Kb free=180066Kb
 bounds [0x0000000002cc0000, 0x0000000006d50000, 0x0000000011cc0000]
 total_blobs=18836 nmethods=17956 adapters=789
 compilation: enabled

Compilation events (10 events):
Event: 3218.774 Thread 0x000000001664b800 23400       1       com.android.build.gradle.internal.tasks.MergeNativeLibsTask::getOutputDir (5 bytes)
Event: 3218.774 Thread 0x000000001664b800 nmethod 23400 0x0000000003f7c850 code [0x0000000003f7c9a0, 0x0000000003f7cab0]
Event: 3218.783 Thread 0x0000000016635800 23401       4       org.gradle.api.internal.artifacts.transform.TransformationStep::createInvocation (109 bytes)
Event: 3218.797 Thread 0x000000001664b800 23403  s    3       com.android.build.gradle.internal.profile.TaskProfilingRecord::allWorkersFinished (62 bytes)
Event: 3218.798 Thread 0x000000001664b800 nmethod 23403 0x0000000004090190 code [0x00000000040903e0, 0x0000000004091478]
Event: 3218.801 Thread 0x000000001664b800 23404       3       org.gradle.tooling.internal.provider.events.AbstractTaskResult::<init> (21 bytes)
Event: 3218.801 Thread 0x000000001664b800 nmethod 23404 0x0000000003de5050 code [0x0000000003de51c0, 0x0000000003de5410]
Event: 3218.803 Thread 0x0000000016635800 nmethod 23401 0x0000000003649890 code [0x0000000003649ac0, 0x000000000364a2c0]
Event: 3218.803 Thread 0x0000000016635800 23402       4       org.gradle.api.internal.artifacts.transform.ConsumerProvidedResolvedVariant::startVisit (62 bytes)
Event: 3219.003 Thread 0x0000000016635800 nmethod 23402 0x0000000006d45dd0 code [0x0000000006d46300, 0x0000000006d49580]

GC Heap History (10 events):
Event: 2373.045 GC heap before
{Heap before GC invocations=32 (full 4):
 PSYoungGen      total 255488K, used 242300K [0x00000000e0000000, 0x00000000f6500000, 0x0000000100000000)
  eden space 180224K, 99% used [0x00000000e0000000,0x00000000eafc5120,0x00000000eb000000)
  from space 75264K, 82% used [0x00000000eb000000,0x00000000eecd9fe8,0x00000000ef980000)
  to   space 82944K, 0% used [0x00000000f1400000,0x00000000f1400000,0x00000000f6500000)
 ParOldGen       total 290304K, used 157758K [0x00000000a0000000, 0x00000000b1b80000, 0x00000000e0000000)
  object space 290304K, 54% used [0x00000000a0000000,0x00000000a9a0fb28,0x00000000b1b80000)
 Metaspace       used 89615K, capacity 93372K, committed 93528K, reserved 1130496K
  class space    used 11508K, capacity 12265K, committed 12376K, reserved 1048576K
Event: 2373.180 GC heap after
Heap after GC invocations=32 (full 4):
 PSYoungGen      total 274432K, used 68699K [0x00000000e0000000, 0x00000000f7680000, 0x0000000100000000)
  eden space 191488K, 0% used [0x00000000e0000000,0x00000000e0000000,0x00000000ebb00000)
  from space 82944K, 82% used [0x00000000f1400000,0x00000000f5716d10,0x00000000f6500000)
  to   space 91136K, 0% used [0x00000000ebb00000,0x00000000ebb00000,0x00000000f1400000)
 ParOldGen       total 290304K, used 157766K [0x00000000a0000000, 0x00000000b1b80000, 0x00000000e0000000)
  object space 290304K, 54% used [0x00000000a0000000,0x00000000a9a11b28,0x00000000b1b80000)
 Metaspace       used 89615K, capacity 93372K, committed 93528K, reserved 1130496K
  class space    used 11508K, capacity 12265K, committed 12376K, reserved 1048576K
}
Event: 2375.517 GC heap before
{Heap before GC invocations=33 (full 4):
 PSYoungGen      total 274432K, used 260187K [0x00000000e0000000, 0x00000000f7680000, 0x0000000100000000)
  eden space 191488K, 100% used [0x00000000e0000000,0x00000000ebb00000,0x00000000ebb00000)
  from space 82944K, 82% used [0x00000000f1400000,0x00000000f5716d10,0x00000000f6500000)
  to   space 91136K, 0% used [0x00000000ebb00000,0x00000000ebb00000,0x00000000f1400000)
 ParOldGen       total 290304K, used 157766K [0x00000000a0000000, 0x00000000b1b80000, 0x00000000e0000000)
  object space 290304K, 54% used [0x00000000a0000000,0x00000000a9a11b28,0x00000000b1b80000)
 Metaspace       used 89628K, capacity 93376K, committed 93528K, reserved 1130496K
  class space    used 11508K, capacity 12265K, committed 12376K, reserved 1048576K
Event: 2375.823 GC heap after
Heap after GC invocations=33 (full 4):
 PSYoungGen      total 282624K, used 91118K [0x00000000e0000000, 0x00000000fbe00000, 0x0000000100000000)
  eden space 191488K, 0% used [0x00000000e0000000,0x00000000e0000000,0x00000000ebb00000)
  from space 91136K, 99% used [0x00000000ebb00000,0x00000000f13fbbc0,0x00000000f1400000)
  to   space 115200K, 0% used [0x00000000f4d80000,0x00000000f4d80000,0x00000000fbe00000)
 ParOldGen       total 290304K, used 182565K [0x00000000a0000000, 0x00000000b1b80000, 0x00000000e0000000)
  object space 290304K, 62% used [0x00000000a0000000,0x00000000ab2494c0,0x00000000b1b80000)
 Metaspace       used 89628K, capacity 93376K, committed 93528K, reserved 1130496K
  class space    used 11508K, capacity 12265K, committed 12376K, reserved 1048576K
}
Event: 2898.707 GC heap before
{Heap before GC invocations=34 (full 4):
 PSYoungGen      total 282624K, used 282606K [0x00000000e0000000, 0x00000000fbe00000, 0x0000000100000000)
  eden space 191488K, 100% used [0x00000000e0000000,0x00000000ebb00000,0x00000000ebb00000)
  from space 91136K, 99% used [0x00000000ebb00000,0x00000000f13fbbc0,0x00000000f1400000)
  to   space 115200K, 0% used [0x00000000f4d80000,0x00000000f4d80000,0x00000000fbe00000)
 ParOldGen       total 290304K, used 182565K [0x00000000a0000000, 0x00000000b1b80000, 0x00000000e0000000)
  object space 290304K, 62% used [0x00000000a0000000,0x00000000ab2494c0,0x00000000b1b80000)
 Metaspace       used 90811K, capacity 94842K, committed 94936K, reserved 1132544K
  class space    used 11636K, capacity 12430K, committed 12504K, reserved 1048576K
Event: 2899.018 GC heap after
Heap after GC invocations=34 (full 4):
 PSYoungGen      total 337920K, used 69557K [0x00000000e0000000, 0x00000000fbf80000, 0x0000000100000000)
  eden space 222720K, 0% used [0x00000000e0000000,0x00000000e0000000,0x00000000ed980000)
  from space 115200K, 60% used [0x00000000f4d80000,0x00000000f916d528,0x00000000fbe00000)
  to   space 117760K, 0% used [0x00000000ed980000,0x00000000ed980000,0x00000000f4c80000)
 ParOldGen       total 290304K, used 193767K [0x00000000a0000000, 0x00000000b1b80000, 0x00000000e0000000)
  object space 290304K, 66% used [0x00000000a0000000,0x00000000abd39d08,0x00000000b1b80000)
 Metaspace       used 90811K, capacity 94842K, committed 94936K, reserved 1132544K
  class space    used 11636K, capacity 12430K, committed 12504K, reserved 1048576K
}
Event: 3043.944 GC heap before
{Heap before GC invocations=35 (full 4):
 PSYoungGen      total 337920K, used 292277K [0x00000000e0000000, 0x00000000fbf80000, 0x0000000100000000)
  eden space 222720K, 100% used [0x00000000e0000000,0x00000000ed980000,0x00000000ed980000)
  from space 115200K, 60% used [0x00000000f4d80000,0x00000000f916d528,0x00000000fbe00000)
  to   space 117760K, 0% used [0x00000000ed980000,0x00000000ed980000,0x00000000f4c80000)
 ParOldGen       total 290304K, used 193767K [0x00000000a0000000, 0x00000000b1b80000, 0x00000000e0000000)
  object space 290304K, 66% used [0x00000000a0000000,0x00000000abd39d08,0x00000000b1b80000)
 Metaspace       used 91279K, capacity 95500K, committed 95704K, reserved 1132544K
  class space    used 11671K, capacity 12495K, committed 12504K, reserved 1048576K
Event: 3044.103 GC heap after
Heap after GC invocations=35 (full 4):
 PSYoungGen      total 340480K, used 51081K [0x00000000e0000000, 0x00000000fd300000, 0x0000000100000000)
  eden space 222720K, 0% used [0x00000000e0000000,0x00000000e0000000,0x00000000ed980000)
  from space 117760K, 43% used [0x00000000ed980000,0x00000000f0b626e0,0x00000000f4c80000)
  to   space 112128K, 0% used [0x00000000f6580000,0x00000000f6580000,0x00000000fd300000)
 ParOldGen       total 290304K, used 209767K [0x00000000a0000000, 0x00000000b1b80000, 0x00000000e0000000)
  object space 290304K, 72% used [0x00000000a0000000,0x00000000accd9d00,0x00000000b1b80000)
 Metaspace       used 91279K, capacity 95500K, committed 95704K, reserved 1132544K
  class space    used 11671K, capacity 12495K, committed 12504K, reserved 1048576K
}
Event: 3204.315 GC heap before
{Heap before GC invocations=36 (full 4):
 PSYoungGen      total 340480K, used 273801K [0x00000000e0000000, 0x00000000fd300000, 0x0000000100000000)
  eden space 222720K, 100% used [0x00000000e0000000,0x00000000ed980000,0x00000000ed980000)
  from space 117760K, 43% used [0x00000000ed980000,0x00000000f0b626e0,0x00000000f4c80000)
  to   space 112128K, 0% used [0x00000000f6580000,0x00000000f6580000,0x00000000fd300000)
 ParOldGen       total 290304K, used 209767K [0x00000000a0000000, 0x00000000b1b80000, 0x00000000e0000000)
  object space 290304K, 72% used [0x00000000a0000000,0x00000000accd9d00,0x00000000b1b80000)
 Metaspace       used 91642K, capacity 95994K, committed 96088K, reserved 1132544K
  class space    used 11705K, capacity 12556K, committed 12632K, reserved 1048576K
Event: 3204.438 GC heap after
Heap after GC invocations=36 (full 4):
 PSYoungGen      total 345600K, used 42582K [0x00000000e0000000, 0x00000000fc380000, 0x0000000100000000)
  eden space 249344K, 0% used [0x00000000e0000000,0x00000000e0000000,0x00000000ef380000)
  from space 96256K, 44% used [0x00000000f6580000,0x00000000f8f15be0,0x00000000fc380000)
  to   space 106496K, 0% used [0x00000000ef380000,0x00000000ef380000,0x00000000f5b80000)
 ParOldGen       total 290304K, used 209775K [0x00000000a0000000, 0x00000000b1b80000, 0x00000000e0000000)
  object space 290304K, 72% used [0x00000000a0000000,0x00000000accdbd00,0x00000000b1b80000)
 Metaspace       used 91642K, capacity 95994K, committed 96088K, reserved 1132544K
  class space    used 11705K, capacity 12556K, committed 12632K, reserved 1048576K
}

Deoptimization events (10 events):
Event: 3209.218 Thread 0x000000001f823800 Uncommon trap: reason=array_check action=maybe_recompile pc=0x00000000062d0e0c method=java.util.ComparableTimSort.mergeLo(IIII)V @ 81
Event: 3209.218 Thread 0x000000001f823800 Uncommon trap: reason=array_check action=maybe_recompile pc=0x00000000062d0e0c method=java.util.ComparableTimSort.mergeLo(IIII)V @ 81
Event: 3209.299 Thread 0x000000001f823800 Uncommon trap: reason=array_check action=maybe_recompile pc=0x0000000006bd00c8 method=java.util.ComparableTimSort.mergeHi(IIII)V @ 277
Event: 3209.302 Thread 0x000000001f823800 Uncommon trap: reason=array_check action=maybe_recompile pc=0x0000000006bd01e4 method=java.util.ComparableTimSort.mergeHi(IIII)V @ 415
Event: 3209.303 Thread 0x000000001f823800 Uncommon trap: reason=array_check action=maybe_recompile pc=0x0000000006bd01e4 method=java.util.ComparableTimSort.mergeHi(IIII)V @ 415
Event: 3209.406 Thread 0x000000001f823800 Uncommon trap: reason=predicate action=maybe_recompile pc=0x0000000003b8927c method=java.util.ComparableTimSort.reverseRange([Ljava/lang/Object;II)V @ 8
Event: 3209.460 Thread 0x000000001f823800 Uncommon trap: reason=array_check action=maybe_recompile pc=0x0000000006be8f98 method=java.util.ComparableTimSort.mergeLo(IIII)V @ 240
Event: 3216.499 Thread 0x000000001f832000 Uncommon trap: reason=unstable_if action=reinterpret pc=0x0000000005dde2b4 method=java.util.concurrent.locks.LockSupport.unpark(Ljava/lang/Thread;)V @ 1
Event: 3217.089 Thread 0x000000001f833000 Uncommon trap: reason=array_check action=maybe_recompile pc=0x00000000038da9ec method=java.util.TimSort.mergeHi(IIII)V @ 101
Event: 3217.089 Thread 0x000000001f833000 Uncommon trap: reason=array_check action=maybe_recompile pc=0x0000000003aaa7f8 method=java.util.TimSort.mergeLo(IIII)V @ 245

Classes redefined (0 events):
No events

Internal exceptions (10 events):
Event: 3046.798 Thread 0x000000001dda0800 Exception <a 'sun/nio/fs/WindowsException'> (0x00000000e5421ee8) thrown at [D:\src\AOSP-openjdk-cygwin\jdk8u\hotspot\src\share\vm\prims\jni.cpp, line 710]
Event: 3046.798 Thread 0x000000001dda0800 Implicit null exception at 0x00000000038b2386 to 0x00000000038b2431
Event: 3115.428 Thread 0x000000001f82f000 Exception <a 'sun/nio/fs/WindowsException'> (0x00000000e62fcc30) thrown at [D:\src\AOSP-openjdk-cygwin\jdk8u\hotspot\src\share\vm\prims\jni.cpp, line 710]
Event: 3118.471 Thread 0x000000001f82f000 Implicit null exception at 0x00000000067f347a to 0x00000000067f4c9d
Event: 3118.473 Thread 0x000000001b88e000 Implicit null exception at 0x000000000529c54c to 0x000000000529cb6d
Event: 3118.503 Thread 0x000000001b895000 Implicit null exception at 0x0000000002f8c9ad to 0x0000000002f8cfd1
Event: 3118.857 Thread 0x000000001f82f000 Exception <a 'sun/nio/fs/WindowsException'> (0x00000000ec6f7770) thrown at [D:\src\AOSP-openjdk-cygwin\jdk8u\hotspot\src\share\vm\prims\jni.cpp, line 710]
Event: 3204.158 Thread 0x000000001b88e000 Exception <a 'sun/nio/fs/WindowsException'> (0x00000000ed3e99e8) thrown at [D:\src\AOSP-openjdk-cygwin\jdk8u\hotspot\src\share\vm\prims\jni.cpp, line 710]
Event: 3216.837 Thread 0x000000001f833000 Exception <a 'sun/nio/fs/WindowsException'> (0x00000000ed138cf0) thrown at [D:\src\AOSP-openjdk-cygwin\jdk8u\hotspot\src\share\vm\prims\jni.cpp, line 710]
Event: 3217.121 Thread 0x000000001f833000 Exception <a 'sun/nio/fs/WindowsException'> (0x00000000edb84330) thrown at [D:\src\AOSP-openjdk-cygwin\jdk8u\hotspot\src\share\vm\prims\jni.cpp, line 710]

Events (10 events):
Event: 3218.719 Thread 0x000000001664b800 flushing nmethod 0x0000000003f9c7d0
Event: 3218.720 Thread 0x000000001664b800 flushing nmethod 0x0000000004036d10
Event: 3218.720 Thread 0x000000001664b800 flushing nmethod 0x000000000406d310
Event: 3218.720 Thread 0x000000001664b800 flushing nmethod 0x000000000408fd90
Event: 3218.720 Thread 0x000000001664b800 flushing nmethod 0x0000000004103b90
Event: 3218.802 Thread 0x000000001664b800 flushing nmethod 0x0000000004aae310
Event: 3218.802 Thread 0x000000001664b800 flushing nmethod 0x0000000004ad3fd0
Event: 3219.005 Thread 0x0000000016635800 flushing nmethod 0x000000000502d110
Event: 3219.006 Thread 0x0000000016635800 flushing nmethod 0x0000000005134510
Event: 3219.006 Thread 0x0000000016635800 flushing nmethod 0x0000000005146290


Dynamic libraries:
0x00007ff607210000 - 0x00007ff607241000 	C:\Program Files\Android\Android Studio\jre\bin\java.exe
0x00007ff8ba920000 - 0x00007ff8bab10000 	C:\WINDOWS\SYSTEM32\ntdll.dll
0x00007ff87af20000 - 0x00007ff87af33000 	C:\Program Files\AVAST Software\Avast\aswhook.dll
0x00007ff8b9e20000 - 0x00007ff8b9ed2000 	C:\WINDOWS\System32\KERNEL32.DLL
0x00007ff8b7960000 - 0x00007ff8b7c03000 	C:\WINDOWS\System32\KERNELBASE.dll
0x00007ff8ba520000 - 0x00007ff8ba5c3000 	C:\WINDOWS\System32\ADVAPI32.dll
0x00007ff8b9710000 - 0x00007ff8b97ae000 	C:\WINDOWS\System32\msvcrt.dll
0x00007ff8b9530000 - 0x00007ff8b95c7000 	C:\WINDOWS\System32\sechost.dll
0x00007ff8ba050000 - 0x00007ff8ba170000 	C:\WINDOWS\System32\RPCRT4.dll
0x00007ff8b9a20000 - 0x00007ff8b9bb4000 	C:\WINDOWS\System32\USER32.dll
0x00007ff8b7930000 - 0x00007ff8b7951000 	C:\WINDOWS\System32\win32u.dll
0x00007ff8b97b0000 - 0x00007ff8b97d6000 	C:\WINDOWS\System32\GDI32.dll
0x00007ff8b8500000 - 0x00007ff8b8694000 	C:\WINDOWS\System32\gdi32full.dll
0x00007ff8b87d0000 - 0x00007ff8b886e000 	C:\WINDOWS\System32\msvcp_win.dll
0x00007ff8b8870000 - 0x00007ff8b896a000 	C:\WINDOWS\System32\ucrtbase.dll
0x00007ff8ab180000 - 0x00007ff8ab405000 	C:\WINDOWS\WinSxS\amd64_microsoft.windows.common-controls_6595b64144ccf1df_6.0.18362.778_none_e6c6b761130d4fb8\COMCTL32.dll
0x00007ff8ba1e0000 - 0x00007ff8ba516000 	C:\WINDOWS\System32\combase.dll
0x00007ff8b78b0000 - 0x00007ff8b7930000 	C:\WINDOWS\System32\bcryptPrimitives.dll
0x00007ff8ba700000 - 0x00007ff8ba72e000 	C:\WINDOWS\System32\IMM32.DLL
0x000000006d390000 - 0x000000006d462000 	C:\Program Files\Android\Android Studio\jre\jre\bin\msvcr100.dll
0x000000006d550000 - 0x000000006dd96000 	C:\Program Files\Android\Android Studio\jre\jre\bin\server\jvm.dll
0x00007ff8b9a10000 - 0x00007ff8b9a18000 	C:\WINDOWS\System32\PSAPI.DLL
0x00007ff8aa960000 - 0x00007ff8aa969000 	C:\WINDOWS\SYSTEM32\WSOCK32.dll
0x00007ff8ba170000 - 0x00007ff8ba1df000 	C:\WINDOWS\System32\WS2_32.dll
0x00007ff8b55a0000 - 0x00007ff8b55c4000 	C:\WINDOWS\SYSTEM32\WINMM.dll
0x00007ff8b6190000 - 0x00007ff8b619a000 	C:\WINDOWS\SYSTEM32\VERSION.dll
0x00007ff8b54f0000 - 0x00007ff8b551d000 	C:\WINDOWS\SYSTEM32\WINMMBASE.dll
0x00007ff8b86d0000 - 0x00007ff8b871a000 	C:\WINDOWS\System32\cfgmgr32.dll
0x00007ff8b3da0000 - 0x00007ff8b3daf000 	C:\Program Files\Android\Android Studio\jre\jre\bin\verify.dll
0x00007ff8b1590000 - 0x00007ff8b15b9000 	C:\Program Files\Android\Android Studio\jre\jre\bin\java.dll
0x00007ff8b1a60000 - 0x00007ff8b1a76000 	C:\Program Files\Android\Android Studio\jre\jre\bin\zip.dll
0x00007ff8b8e40000 - 0x00007ff8b9525000 	C:\WINDOWS\System32\SHELL32.dll
0x00007ff8b9fa0000 - 0x00007ff8ba049000 	C:\WINDOWS\System32\shcore.dll
0x00007ff8b7d80000 - 0x00007ff8b8500000 	C:\WINDOWS\System32\windows.storage.dll
0x00007ff8b77f0000 - 0x00007ff8b7813000 	C:\WINDOWS\System32\profapi.dll
0x00007ff8b7820000 - 0x00007ff8b786a000 	C:\WINDOWS\System32\powrprof.dll
0x00007ff8b77e0000 - 0x00007ff8b77f0000 	C:\WINDOWS\System32\UMPDC.dll
0x00007ff8b9ee0000 - 0x00007ff8b9f32000 	C:\WINDOWS\System32\shlwapi.dll
0x00007ff8b7890000 - 0x00007ff8b78a1000 	C:\WINDOWS\System32\kernel.appcore.dll
0x00007ff8b7c10000 - 0x00007ff8b7c27000 	C:\WINDOWS\System32\cryptsp.dll
0x00007ff8ae940000 - 0x00007ff8ae95a000 	C:\Program Files\Android\Android Studio\jre\jre\bin\net.dll
0x00007ff8acb60000 - 0x00007ff8acd35000 	C:\WINDOWS\SYSTEM32\urlmon.dll
0x00007ff8ac8b0000 - 0x00007ff8acb56000 	C:\WINDOWS\SYSTEM32\iertutil.dll
0x00007ff8b7220000 - 0x00007ff8b722c000 	C:\WINDOWS\SYSTEM32\CRYPTBASE.DLL
0x00007ff8b7050000 - 0x00007ff8b70b7000 	C:\WINDOWS\system32\mswsock.dll
0x00007ff8aa600000 - 0x00007ff8aa613000 	C:\Program Files\Android\Android Studio\jre\jre\bin\nio.dll
0x00007ff8a3690000 - 0x00007ff8a36b6000 	C:\Users\A1ex\.gradle\native\30\windows-amd64\native-platform.dll
0x00007ff8b3d90000 - 0x00007ff8b3d9d000 	C:\Program Files\Android\Android Studio\jre\jre\bin\management.dll
0x00007ff8b6b60000 - 0x00007ff8b6b93000 	C:\WINDOWS\system32\rsaenh.dll
0x00007ff8b86a0000 - 0x00007ff8b86c6000 	C:\WINDOWS\System32\bcrypt.dll
0x00007ff8b76d0000 - 0x00007ff8b76f5000 	C:\WINDOWS\SYSTEM32\USERENV.dll
0x00007ff8b6d00000 - 0x00007ff8b6d3a000 	C:\WINDOWS\SYSTEM32\IPHLPAPI.DLL
0x00007ff8b98a0000 - 0x00007ff8b98a8000 	C:\WINDOWS\System32\NSI.dll
0x00007ff8ae180000 - 0x00007ff8ae196000 	C:\WINDOWS\SYSTEM32\dhcpcsvc6.DLL
0x00007ff8ae160000 - 0x00007ff8ae17c000 	C:\WINDOWS\SYSTEM32\dhcpcsvc.DLL
0x00007ff8b6d40000 - 0x00007ff8b6e0a000 	C:\WINDOWS\SYSTEM32\DNSAPI.dll

VM Arguments:
jvm_args: -Xmx1536m -Dfile.encoding=windows-1251 -Duser.country=RU -Duser.language=ru -Duser.variant 
java_command: org.gradle.launcher.daemon.bootstrap.GradleDaemon 5.6.4
java_class_path (initial): C:\Users\A1ex\.gradle\wrapper\dists\gradle-5.6.4-all\ankdp27end7byghfw1q2sw75f\gradle-5.6.4\lib\gradle-launcher-5.6.4.jar
Launcher Type: SUN_STANDARD

Environment Variables:
JAVA_HOME=c:\Program Files\Java\jdk1.8.0_131\
PATH=C:\ProgramData\Oracle\Java\javapath;C:\Program Files (x86)\NVIDIA Corporation\PhysX\Common;C:\WINDOWS\system32;C:\WINDOWS;C:\WINDOWS\System32\Wbem;C:\WINDOWS\System32\WindowsPowerShell\v1.0\;C:\Program Files (x86)\Common Files\Adobe\AGL;C:\WINDOWS\System32\OpenSSH\;C:\Program Files\Intel\WiFi\bin\;C:\Program Files\Common Files\Intel\WirelessCommon\;I:\Git\cmd;C:\Users\A1ex\AppData\Local\Microsoft\WindowsApps;C:\Program Files\Intel\WiFi\bin\;C:\Program Files\Common Files\Intel\WirelessCommon\;e:\Android\Android\Sdk\\tools;e:\Android\Android\Sdk\\platform-tools;
USERNAME=A1ex
OS=Windows_NT
PROCESSOR_IDENTIFIER=Intel64 Family 6 Model 58 Stepping 9, GenuineIntel



---------------  S Y S T E M  ---------------

OS: Windows 10.0 , 64 bit Build 18362 (10.0.18362.778)

CPU:total 4 (initial active 4) (2 cores per cpu, 2 threads per core) family 6 model 58 stepping 9, cmov, cx8, fxsr, mmx, sse, sse2, sse3, ssse3, sse4.1, sse4.2, popcnt, avx, clmul, erms, ht, tsc, tscinvbit, tscinv

Memory: 4k page, physical 8278376k(425444k free), swap 10375528k(4172k free)

vm_info: OpenJDK 64-Bit Server VM (25.212-b04) for windows-amd64 JRE (1.8.0_212-release-1586-b04), built by "builder" with MS VC++ 10.0 (VS2010)

time: Wed May 13 16:59:57 2020
timezone: Финляндия (лето)
elapsed time: 3219 seconds (0d 0h 53m 39s)

